[0.337s] DEBUG:colcon:Command line arguments: ['/usr/bin/colcon', 'build', '--packages-select', 'hight']
[0.337s] DEBUG:colcon:Parsed command line arguments: Namespace(log_base=None, log_level=None, verb_name='build', build_base='build', install_base='install', merge_install=False, symlink_install=False, test_result_base=None, continue_on_error=False, executor='parallel', parallel_workers=4, event_handlers=None, ignore_user_meta=False, metas=['./colcon.meta'], base_paths=['.'], packages_ignore=None, packages_ignore_regex=None, paths=None, packages_up_to=None, packages_up_to_regex=None, packages_above=None, packages_above_and_dependencies=None, packages_above_depth=None, packages_select_by_dep=None, packages_skip_by_dep=None, packages_skip_up_to=None, packages_select_build_failed=False, packages_skip_build_finished=False, packages_select_test_failures=False, packages_skip_test_passed=False, packages_select=['hight'], packages_skip=None, packages_select_regex=None, packages_skip_regex=None, packages_start=None, packages_end=None, allow_overriding=[], cmake_args=None, cmake_target=None, cmake_target_skip_unavailable=False, cmake_clean_cache=False, cmake_clean_first=False, cmake_force_configure=False, ament_cmake_args=None, catkin_cmake_args=None, catkin_skip_building_tests=False, verb_parser=<colcon_defaults.argument_parser.defaults.DefaultArgumentsDecorator object at 0x7fc7af903dc0>, verb_extension=<colcon_core.verb.build.BuildVerb object at 0x7fc7b0275540>, main=<bound method BuildVerb.main of <colcon_core.verb.build.BuildVerb object at 0x7fc7b0275540>>)
[0.372s] Level 1:colcon.colcon_core.package_discovery:discover_packages(colcon_meta) check parameters
[0.373s] Level 1:colcon.colcon_core.package_discovery:discover_packages(recursive) check parameters
[0.373s] Level 1:colcon.colcon_core.package_discovery:discover_packages(ignore) check parameters
[0.373s] Level 1:colcon.colcon_core.package_discovery:discover_packages(path) check parameters
[0.373s] Level 1:colcon.colcon_core.package_discovery:discover_packages(colcon_meta) discover
[0.373s] Level 1:colcon.colcon_core.package_discovery:discover_packages(recursive) discover
[0.373s] INFO:colcon.colcon_core.package_discovery:Crawling recursively for packages in '/home/butthead/WS/robrep/hight/nuc/hight'
[0.373s] Level 1:colcon.colcon_core.package_identification:_identify(.) by extensions ['ignore', 'ignore_ament_install']
[0.373s] Level 1:colcon.colcon_core.package_identification:_identify(.) by extension 'ignore'
[0.373s] Level 1:colcon.colcon_core.package_identification:_identify(.) by extension 'ignore_ament_install'
[0.373s] Level 1:colcon.colcon_core.package_identification:_identify(.) by extensions ['colcon_pkg']
[0.373s] Level 1:colcon.colcon_core.package_identification:_identify(.) by extension 'colcon_pkg'
[0.373s] Level 1:colcon.colcon_core.package_identification:_identify(.) by extensions ['colcon_meta']
[0.373s] Level 1:colcon.colcon_core.package_identification:_identify(.) by extension 'colcon_meta'
[0.373s] Level 1:colcon.colcon_core.package_identification:_identify(.) by extensions ['ros']
[0.373s] Level 1:colcon.colcon_core.package_identification:_identify(.) by extension 'ros'
[0.387s] DEBUG:colcon.colcon_core.package_identification:Package '.' with type 'ros.ament_cmake' and name 'hight'
[0.387s] Level 1:colcon.colcon_core.package_discovery:discover_packages(recursive) using defaults
[0.387s] Level 1:colcon.colcon_core.package_discovery:discover_packages(ignore) discover
[0.387s] Level 1:colcon.colcon_core.package_discovery:discover_packages(ignore) using defaults
[0.387s] Level 1:colcon.colcon_core.package_discovery:discover_packages(path) discover
[0.387s] Level 1:colcon.colcon_core.package_discovery:discover_packages(path) using defaults
[0.412s] Level 1:colcon.colcon_core.package_discovery:discover_packages(prefix_path) check parameters
[0.412s] Level 1:colcon.colcon_core.package_discovery:discover_packages(prefix_path) discover
[0.415s] DEBUG:colcon.colcon_installed_package_information.package_discovery:Found 0 installed packages in /home/butthead/WS/ros2_ws/install
[0.416s] DEBUG:colcon.colcon_installed_package_information.package_discovery:Found 283 installed packages in /opt/ros/humble
[0.418s] Level 1:colcon.colcon_core.package_discovery:discover_packages(prefix_path) using defaults
[0.484s] Level 5:colcon.colcon_core.verb:set package 'hight' build argument 'cmake_args' from command line to 'None'
[0.484s] Level 5:colcon.colcon_core.verb:set package 'hight' build argument 'cmake_target' from command line to 'None'
[0.484s] Level 5:colcon.colcon_core.verb:set package 'hight' build argument 'cmake_target_skip_unavailable' from command line to 'False'
[0.484s] Level 5:colcon.colcon_core.verb:set package 'hight' build argument 'cmake_clean_cache' from command line to 'False'
[0.484s] Level 5:colcon.colcon_core.verb:set package 'hight' build argument 'cmake_clean_first' from command line to 'False'
[0.484s] Level 5:colcon.colcon_core.verb:set package 'hight' build argument 'cmake_force_configure' from command line to 'False'
[0.484s] Level 5:colcon.colcon_core.verb:set package 'hight' build argument 'ament_cmake_args' from command line to 'None'
[0.484s] Level 5:colcon.colcon_core.verb:set package 'hight' build argument 'catkin_cmake_args' from command line to 'None'
[0.484s] Level 5:colcon.colcon_core.verb:set package 'hight' build argument 'catkin_skip_building_tests' from command line to 'False'
[0.484s] DEBUG:colcon.colcon_core.verb:Building package 'hight' with the following arguments: {'ament_cmake_args': None, 'build_base': '/home/butthead/WS/robrep/hight/nuc/hight/build/hight', 'catkin_cmake_args': None, 'catkin_skip_building_tests': False, 'cmake_args': None, 'cmake_clean_cache': False, 'cmake_clean_first': False, 'cmake_force_configure': False, 'cmake_target': None, 'cmake_target_skip_unavailable': False, 'install_base': '/home/butthead/WS/robrep/hight/nuc/hight/install/hight', 'merge_install': False, 'path': '/home/butthead/WS/robrep/hight/nuc/hight', 'symlink_install': False, 'test_result_base': None}
[0.485s] INFO:colcon.colcon_core.executor:Executing jobs using 'parallel' executor
[0.489s] DEBUG:colcon.colcon_parallel_executor.executor.parallel:run_until_complete
[0.489s] INFO:colcon.colcon_ros.task.ament_cmake.build:Building ROS package in '/home/butthead/WS/robrep/hight/nuc/hight' with build type 'ament_cmake'
[0.489s] INFO:colcon.colcon_cmake.task.cmake.build:Building CMake package in '/home/butthead/WS/robrep/hight/nuc/hight'
[0.494s] INFO:colcon.colcon_core.plugin_system:Skipping extension 'colcon_core.shell.bat': Not used on non-Windows systems
[0.495s] INFO:colcon.colcon_core.shell:Skip shell extension 'powershell' for command environment: Not usable outside of PowerShell
[0.495s] DEBUG:colcon.colcon_core.shell:Skip shell extension 'dsv' for command environment
[0.505s] DEBUG:colcon.colcon_core.event_handler.log_command:Invoking command in '/home/butthead/WS/robrep/hight/nuc/hight/build/hight': CMAKE_PREFIX_PATH=/opt/ros/humble /usr/bin/cmake --build /home/butthead/WS/robrep/hight/nuc/hight/build/hight -- -j4 -l4
[4.093s] DEBUG:colcon.colcon_core.event_handler.log_command:Invoked command in '/home/butthead/WS/robrep/hight/nuc/hight/build/hight' returned '2': CMAKE_PREFIX_PATH=/opt/ros/humble /usr/bin/cmake --build /home/butthead/WS/robrep/hight/nuc/hight/build/hight -- -j4 -l4
[4.118s] Level 1:colcon.colcon_core.environment:create_environment_scripts_only(hight)
[4.124s] Level 1:colcon.colcon_core.environment:checking '/home/butthead/WS/robrep/hight/nuc/hight/install/hight' for CMake module files
[4.125s] Level 1:colcon.colcon_core.environment:checking '/home/butthead/WS/robrep/hight/nuc/hight/install/hight' for CMake config files
[4.125s] Level 1:colcon.colcon_core.environment:checking '/home/butthead/WS/robrep/hight/nuc/hight/install/hight/bin'
[4.126s] Level 1:colcon.colcon_core.environment:checking '/home/butthead/WS/robrep/hight/nuc/hight/install/hight/lib/pkgconfig/hight.pc'
[4.126s] Level 1:colcon.colcon_core.environment:checking '/home/butthead/WS/robrep/hight/nuc/hight/install/hight/lib/python3.10/site-packages'
[4.126s] Level 1:colcon.colcon_core.environment:checking '/home/butthead/WS/robrep/hight/nuc/hight/install/hight/bin'
[4.128s] INFO:colcon.colcon_core.shell:Creating package script '/home/butthead/WS/robrep/hight/nuc/hight/install/hight/share/hight/package.ps1'
[4.129s] INFO:colcon.colcon_core.shell:Creating package descriptor '/home/butthead/WS/robrep/hight/nuc/hight/install/hight/share/hight/package.dsv'
[4.130s] INFO:colcon.colcon_core.shell:Creating package script '/home/butthead/WS/robrep/hight/nuc/hight/install/hight/share/hight/package.sh'
[4.131s] INFO:colcon.colcon_core.shell:Creating package script '/home/butthead/WS/robrep/hight/nuc/hight/install/hight/share/hight/package.bash'
[4.132s] INFO:colcon.colcon_core.shell:Creating package script '/home/butthead/WS/robrep/hight/nuc/hight/install/hight/share/hight/package.zsh'
[4.133s] Level 1:colcon.colcon_core.environment:create_file_with_runtime_dependencies(/home/butthead/WS/robrep/hight/nuc/hight/install/hight/share/colcon-core/packages/hight)
[4.144s] DEBUG:colcon.colcon_parallel_executor.executor.parallel:closing loop
[4.144s] DEBUG:colcon.colcon_parallel_executor.executor.parallel:loop closed
[4.144s] DEBUG:colcon.colcon_parallel_executor.executor.parallel:run_until_complete finished with '2'
[4.145s] DEBUG:colcon.colcon_core.event_reactor:joining thread
[4.152s] INFO:colcon.colcon_core.plugin_system:Skipping extension 'colcon_notification.desktop_notification.terminal_notifier': Not used on non-Darwin systems
[4.152s] INFO:colcon.colcon_core.plugin_system:Skipping extension 'colcon_notification.desktop_notification.win32': Not used on non-Windows systems
[4.153s] INFO:colcon.colcon_notification.desktop_notification:Sending desktop notification using 'notify2'
[4.170s] DEBUG:colcon.colcon_core.event_reactor:joined thread
[4.172s] INFO:colcon.colcon_core.shell:Creating prefix script '/home/butthead/WS/robrep/hight/nuc/hight/install/local_setup.ps1'
[4.173s] INFO:colcon.colcon_core.shell:Creating prefix util module '/home/butthead/WS/robrep/hight/nuc/hight/install/_local_setup_util_ps1.py'
[4.175s] INFO:colcon.colcon_core.shell:Creating prefix chain script '/home/butthead/WS/robrep/hight/nuc/hight/install/setup.ps1'
[4.177s] INFO:colcon.colcon_core.shell:Creating prefix script '/home/butthead/WS/robrep/hight/nuc/hight/install/local_setup.sh'
[4.178s] INFO:colcon.colcon_core.shell:Creating prefix util module '/home/butthead/WS/robrep/hight/nuc/hight/install/_local_setup_util_sh.py'
[4.178s] INFO:colcon.colcon_core.shell:Creating prefix chain script '/home/butthead/WS/robrep/hight/nuc/hight/install/setup.sh'
[4.180s] INFO:colcon.colcon_core.shell:Creating prefix script '/home/butthead/WS/robrep/hight/nuc/hight/install/local_setup.bash'
[4.180s] INFO:colcon.colcon_core.shell:Creating prefix chain script '/home/butthead/WS/robrep/hight/nuc/hight/install/setup.bash'
[4.181s] INFO:colcon.colcon_core.shell:Creating prefix script '/home/butthead/WS/robrep/hight/nuc/hight/install/local_setup.zsh'
[4.182s] INFO:colcon.colcon_core.shell:Creating prefix chain script '/home/butthead/WS/robrep/hight/nuc/hight/install/setup.zsh'
