[0.012s] Invoking command in '/home/butthead/WS/robrep2/hight/build/hight': CMAKE_PREFIX_PATH=/opt/ros/humble /usr/bin/cmake /home/butthead/WS/robrep2/hight -DCMAKE_INSTALL_PREFIX=/home/butthead/WS/robrep2/hight/install/hight
[0.073s] -- The C compiler identification is GNU 11.3.0
[0.139s] -- The CXX compiler identification is GNU 11.3.0
[0.149s] -- Detecting C compiler ABI info
[0.220s] -- Detecting C compiler ABI info - done
[0.232s] -- Check for working C compiler: /usr/bin/cc - skipped
[0.232s] -- Detecting C compile features
[0.232s] -- Detecting C compile features - done
[0.236s] -- Detecting CXX compiler ABI info
[0.320s] -- Detecting CXX compiler ABI info - done
[0.332s] -- Check for working CXX compiler: /usr/bin/c++ - skipped
[0.332s] -- Detecting CXX compile features
[0.333s] -- Detecting CXX compile features - done
[0.338s] -- Found ament_cmake: 1.3.2 (/opt/ros/humble/share/ament_cmake/cmake)
[0.506s] -- Found Python3: /usr/bin/python3.10 (found version "3.10.6") found components: Interpreter 
[0.641s] -- Found rclcpp: 16.0.1 (/opt/ros/humble/share/rclcpp/cmake)
[0.703s] -- Found rosidl_generator_c: 3.1.3 (/opt/ros/humble/share/rosidl_generator_c/cmake)
[0.708s] -- Found rosidl_adapter: 3.1.3 (/opt/ros/humble/share/rosidl_adapter/cmake)
[0.716s] -- Found rosidl_generator_cpp: 3.1.3 (/opt/ros/humble/share/rosidl_generator_cpp/cmake)
[0.732s] -- Using all available rosidl_typesupport_c: rosidl_typesupport_fastrtps_c;rosidl_typesupport_introspection_c
[0.753s] -- Using all available rosidl_typesupport_cpp: rosidl_typesupport_fastrtps_cpp;rosidl_typesupport_introspection_cpp
[0.829s] -- Found rmw_implementation_cmake: 6.1.0 (/opt/ros/humble/share/rmw_implementation_cmake/cmake)
[0.831s] -- Found rmw_fastrtps_cpp: 6.2.1 (/opt/ros/humble/share/rmw_fastrtps_cpp/cmake)
[0.941s] -- Found OpenSSL: /usr/lib/x86_64-linux-gnu/libcrypto.so (found version "3.0.2")  
[0.967s] -- Found FastRTPS: /opt/ros/humble/include  
[1.013s] -- Using RMW implementation 'rmw_fastrtps_cpp' as default
[1.211s] -- Found ament_lint_auto: 0.12.4 (/opt/ros/humble/share/ament_lint_auto/cmake)
[1.310s] -- Added test 'cppcheck' to perform static code analysis on C / C++ code
[1.311s] -- Configured cppcheck include dirs: 
[1.311s] -- Configured cppcheck exclude dirs and/or files: 
[1.312s] -- Added test 'flake8' to check Python code syntax and style conventions
[1.313s] -- Added test 'lint_cmake' to check CMake code style
[1.314s] -- Added test 'pep257' to check Python code against some of the docstring style conventions in PEP 257
[1.319s] -- Added test 'uncrustify' to check C / C++ code style
[1.319s] -- Configured uncrustify additional arguments: 
[1.320s] -- Added test 'xmllint' to check XML markup files
[1.322s] -- Configuring done
[1.336s] -- Generating done
[1.338s] -- Build files have been written to: /home/butthead/WS/robrep2/hight/build/hight
[1.346s] Invoked command in '/home/butthead/WS/robrep2/hight/build/hight' returned '0': CMAKE_PREFIX_PATH=/opt/ros/humble /usr/bin/cmake /home/butthead/WS/robrep2/hight -DCMAKE_INSTALL_PREFIX=/home/butthead/WS/robrep2/hight/install/hight
[1.348s] Invoking command in '/home/butthead/WS/robrep2/hight/build/hight': CMAKE_PREFIX_PATH=/opt/ros/humble /usr/bin/cmake --build /home/butthead/WS/robrep2/hight/build/hight -- -j4 -l4
[1.396s] [ 50%] [32mBuilding CXX object CMakeFiles/listener.dir/src/subscriber.cpp.o[0m
[1.396s] [ 50%] [32mBuilding CXX object CMakeFiles/talker.dir/src/publisher.cpp.o[0m
[6.630s] [ 75%] [32m[1mLinking CXX executable talker[0m
[6.862s] [ 75%] Built target talker
[11.030s] [100%] [32m[1mLinking CXX executable listener[0m
[11.509s] [100%] Built target listener
[11.530s] Invoked command in '/home/butthead/WS/robrep2/hight/build/hight' returned '0': CMAKE_PREFIX_PATH=/opt/ros/humble /usr/bin/cmake --build /home/butthead/WS/robrep2/hight/build/hight -- -j4 -l4
[11.587s] Invoking command in '/home/butthead/WS/robrep2/hight/build/hight': CMAKE_PREFIX_PATH=/opt/ros/humble /usr/bin/cmake --install /home/butthead/WS/robrep2/hight/build/hight
[11.596s] -- Install configuration: ""
[11.597s] -- Installing: /home/butthead/WS/robrep2/hight/install/hight/lib/hight/talker
[11.598s] -- Set runtime path of "/home/butthead/WS/robrep2/hight/install/hight/lib/hight/talker" to ""
[11.598s] -- Installing: /home/butthead/WS/robrep2/hight/install/hight/lib/hight/listener
[11.602s] -- Set runtime path of "/home/butthead/WS/robrep2/hight/install/hight/lib/hight/listener" to ""
[11.603s] -- Installing: /home/butthead/WS/robrep2/hight/install/hight/share/ament_index/resource_index/package_run_dependencies/hight
[11.603s] -- Installing: /home/butthead/WS/robrep2/hight/install/hight/share/ament_index/resource_index/parent_prefix_path/hight
[11.603s] -- Installing: /home/butthead/WS/robrep2/hight/install/hight/share/hight/environment/ament_prefix_path.sh
[11.603s] -- Installing: /home/butthead/WS/robrep2/hight/install/hight/share/hight/environment/ament_prefix_path.dsv
[11.604s] -- Installing: /home/butthead/WS/robrep2/hight/install/hight/share/hight/environment/path.sh
[11.604s] -- Installing: /home/butthead/WS/robrep2/hight/install/hight/share/hight/environment/path.dsv
[11.604s] -- Installing: /home/butthead/WS/robrep2/hight/install/hight/share/hight/local_setup.bash
[11.604s] -- Installing: /home/butthead/WS/robrep2/hight/install/hight/share/hight/local_setup.sh
[11.604s] -- Installing: /home/butthead/WS/robrep2/hight/install/hight/share/hight/local_setup.zsh
[11.605s] -- Installing: /home/butthead/WS/robrep2/hight/install/hight/share/hight/local_setup.dsv
[11.605s] -- Installing: /home/butthead/WS/robrep2/hight/install/hight/share/hight/package.dsv
[11.605s] -- Installing: /home/butthead/WS/robrep2/hight/install/hight/share/ament_index/resource_index/packages/hight
[11.605s] -- Installing: /home/butthead/WS/robrep2/hight/install/hight/share/hight/cmake/hightConfig.cmake
[11.605s] -- Installing: /home/butthead/WS/robrep2/hight/install/hight/share/hight/cmake/hightConfig-version.cmake
[11.605s] -- Installing: /home/butthead/WS/robrep2/hight/install/hight/share/hight/package.xml
[11.608s] Invoked command in '/home/butthead/WS/robrep2/hight/build/hight' returned '0': CMAKE_PREFIX_PATH=/opt/ros/humble /usr/bin/cmake --install /home/butthead/WS/robrep2/hight/build/hight
