[0.017s] Invoking command in '/home/butthead/WS/robrep/hight/nuc/hight/build/hight': CMAKE_PREFIX_PATH=/opt/ros/humble /usr/bin/cmake --build /home/butthead/WS/robrep/hight/nuc/hight/build/hight -- -j4 -l4
[0.062s] [35m[1mConsolidate compiler generated dependencies of target listener[0m
[0.063s] [35m[1mConsolidate compiler generated dependencies of target talker[0m
[0.079s] [ 50%] [32mBuilding CXX object CMakeFiles/talker.dir/src/publisher.cpp.o[0m
[0.079s] [ 50%] [32mBuilding CXX object CMakeFiles/listener.dir/src/subscriber.cpp.o[0m
[2.713s] [01m[K/home/butthead/WS/robrep/hight/nuc/hight/src/subscriber.cpp:[m[K In constructor ‘[01m[KMinimalSubscriber::MinimalSubscriber()[m[K’:
[2.714s] [01m[K/home/butthead/WS/robrep/hight/nuc/hight/src/subscriber.cpp:17:91:[m[K [01;31m[Kerror: [m[Kexpected unqualified-id before numeric constant
[2.714s]    17 |                 subscription_ = this->create_subscription<std_msgs::msg::String>("topic". [01;31m[K10[m[K, std::bind(&MinimalSubscriber::topic_callback, this, _1));
[2.714s]       |                                                                                           [01;31m[K^~[m[K
[2.754s] [01m[K/home/butthead/WS/robrep/hight/nuc/hight/src/publisher.cpp:[m[K In constructor ‘[01m[KMinimalPublisher::MinimalPublisher()[m[K’:
[2.754s] [01m[K/home/butthead/WS/robrep/hight/nuc/hight/src/publisher.cpp:16:87:[m[K [01;31m[Kerror: [m[KISO C++ forbids taking the address of an unqualified or parenthesized non-static member function to form a pointer to member function.  Say ‘[01m[K&MinimalPublisher::timer_callback[m[K’ [[01;31m[K]8;;https://gcc.gnu.org/onlinedocs/gcc/Warning-Options.html#index-fpermissive-fpermissive]8;;[m[K]
[2.754s]    16 |            timer_ = this->create_wall_timer(500ms, std::bind(&[01;31m[K(MinimalPublisher::timer_callback)[m[K, this));
[2.754s]       |                                                               [01;31m[K~~~~~~~~~~~~~~~~~~~^~~~~~~~~~~~~~~[m[K
[2.754s] 
[3.245s] gmake[2]: *** [CMakeFiles/listener.dir/build.make:76: CMakeFiles/listener.dir/src/subscriber.cpp.o] Error 1
[3.246s] gmake[1]: *** [CMakeFiles/Makefile2:165: CMakeFiles/listener.dir/all] Error 2
[3.246s] gmake[1]: *** Waiting for unfinished jobs....
[3.690s] gmake[2]: *** [CMakeFiles/talker.dir/build.make:76: CMakeFiles/talker.dir/src/publisher.cpp.o] Error 1
[3.691s] gmake[1]: *** [CMakeFiles/Makefile2:139: CMakeFiles/talker.dir/all] Error 2
[3.691s] gmake: *** [Makefile:146: all] Error 2
[3.694s] Invoked command in '/home/butthead/WS/robrep/hight/nuc/hight/build/hight' returned '2': CMAKE_PREFIX_PATH=/opt/ros/humble /usr/bin/cmake --build /home/butthead/WS/robrep/hight/nuc/hight/build/hight -- -j4 -l4
