[0.015s] Invoking command in '/home/butthead/WS/robrep/hight/nuc/hight/build/hight': CMAKE_PREFIX_PATH=/opt/ros/humble /usr/bin/cmake --build /home/butthead/WS/robrep/hight/nuc/hight/build/hight -- -j4 -l4
[0.061s] [35m[1mConsolidate compiler generated dependencies of target listener[0m
[0.061s] [35m[1mConsolidate compiler generated dependencies of target talker[0m
[0.078s] [ 50%] [32mBuilding CXX object CMakeFiles/listener.dir/src/subscriber.cpp.o[0m
[0.079s] [ 50%] [32mBuilding CXX object CMakeFiles/talker.dir/src/publisher.cpp.o[0m
[2.702s] [01m[K/home/butthead/WS/robrep/hight/nuc/hight/src/publisher.cpp:[m[K In constructor ‘[01m[KMinimalPublisher::MinimalPublisher()[m[K’:
[2.703s] [01m[K/home/butthead/WS/robrep/hight/nuc/hight/src/publisher.cpp:16:87:[m[K [01;31m[Kerror: [m[Kinvalid use of member function ‘[01m[Kvoid MinimalPublisher::timer_callback()[m[K’ (did you forget the ‘[01m[K()[m[K’ ?)
[2.703s]    16 |            timer_ = this->create_wall_timer(500ms, std::bind(&[01;31m[K(MinimalPublisher::timer_callback)[m[K. this));
[2.703s]       |                                                               [01;31m[K~~~~~~~~~~~~~~~~~~~^~~~~~~~~~~~~~~[m[K
[2.703s]       |                                                                                                 [32m[K()[m[K
[2.713s] [01m[K/home/butthead/WS/robrep/hight/nuc/hight/src/subscriber.cpp:25:2:[m[K [01;31m[Kerror: [m[Kexpected ‘[01m[K}[m[K’ at end of input
[2.713s]    25 | }
[2.713s]       |  [01;31m[K^[m[K
[2.713s] [01m[K/home/butthead/WS/robrep/hight/nuc/hight/src/subscriber.cpp:7:1:[m[K [01;36m[Knote: [m[Kto match this ‘[01m[K{[m[K’
[2.713s]     7 | [01;36m[K{[m[K
[2.713s]       | [01;36m[K^[m[K
[2.717s] [01m[K/home/butthead/WS/robrep/hight/nuc/hight/src/subscriber.cpp:[m[K In constructor ‘[01m[KMinimalSubscriber::MinimalSubscriber()[m[K’:
[2.717s] [01m[K/home/butthead/WS/robrep/hight/nuc/hight/src/subscriber.cpp:17:91:[m[K [01;31m[Kerror: [m[Kexpected unqualified-id before numeric constant
[2.717s]    17 |                 subscription_ = this->create_subscription<std_msgs::msg::String>("topic". [01;31m[K10[m[K, std::bind(&MinimalSubscriber::topic_callback, this, _1));
[2.717s]       |                                                                                           [01;31m[K^~[m[K
[2.727s] [01m[K/home/butthead/WS/robrep/hight/nuc/hight/src/subscriber.cpp:[m[K At global scope:
[2.727s] [01m[K/home/butthead/WS/robrep/hight/nuc/hight/src/subscriber.cpp:25:2:[m[K [01;31m[Kerror: [m[Kexpected unqualified-id at end of input
[2.727s]    25 | }
[2.727s]       |  [01;31m[K^[m[K
[3.226s] gmake[2]: *** [CMakeFiles/listener.dir/build.make:76: CMakeFiles/listener.dir/src/subscriber.cpp.o] Error 1
[3.226s] gmake[1]: *** [CMakeFiles/Makefile2:165: CMakeFiles/listener.dir/all] Error 2
[3.226s] gmake[1]: *** Waiting for unfinished jobs....
[3.606s] gmake[2]: *** [CMakeFiles/talker.dir/build.make:76: CMakeFiles/talker.dir/src/publisher.cpp.o] Error 1
[3.607s] gmake[1]: *** [CMakeFiles/Makefile2:139: CMakeFiles/talker.dir/all] Error 2
[3.607s] gmake: *** [Makefile:146: all] Error 2
[3.609s] Invoked command in '/home/butthead/WS/robrep/hight/nuc/hight/build/hight' returned '2': CMAKE_PREFIX_PATH=/opt/ros/humble /usr/bin/cmake --build /home/butthead/WS/robrep/hight/nuc/hight/build/hight -- -j4 -l4
