[0.336s] DEBUG:colcon:Command line arguments: ['/usr/bin/colcon', 'build', '--packages-select', 'hight']
[0.336s] DEBUG:colcon:Parsed command line arguments: Namespace(log_base=None, log_level=None, verb_name='build', build_base='build', install_base='install', merge_install=False, symlink_install=False, test_result_base=None, continue_on_error=False, executor='parallel', parallel_workers=4, event_handlers=None, ignore_user_meta=False, metas=['./colcon.meta'], base_paths=['.'], packages_ignore=None, packages_ignore_regex=None, paths=None, packages_up_to=None, packages_up_to_regex=None, packages_above=None, packages_above_and_dependencies=None, packages_above_depth=None, packages_select_by_dep=None, packages_skip_by_dep=None, packages_skip_up_to=None, packages_select_build_failed=False, packages_skip_build_finished=False, packages_select_test_failures=False, packages_skip_test_passed=False, packages_select=['hight'], packages_skip=None, packages_select_regex=None, packages_skip_regex=None, packages_start=None, packages_end=None, allow_overriding=[], cmake_args=None, cmake_target=None, cmake_target_skip_unavailable=False, cmake_clean_cache=False, cmake_clean_first=False, cmake_force_configure=False, ament_cmake_args=None, catkin_cmake_args=None, catkin_skip_building_tests=False, verb_parser=<colcon_defaults.argument_parser.defaults.DefaultArgumentsDecorator object at 0x7fbf172c46d0>, verb_extension=<colcon_core.verb.build.BuildVerb object at 0x7fbf17c5aaa0>, main=<bound method BuildVerb.main of <colcon_core.verb.build.BuildVerb object at 0x7fbf17c5aaa0>>)
[0.372s] Level 1:colcon.colcon_core.package_discovery:discover_packages(colcon_meta) check parameters
[0.372s] Level 1:colcon.colcon_core.package_discovery:discover_packages(recursive) check parameters
[0.372s] Level 1:colcon.colcon_core.package_discovery:discover_packages(ignore) check parameters
[0.372s] Level 1:colcon.colcon_core.package_discovery:discover_packages(path) check parameters
[0.372s] Level 1:colcon.colcon_core.package_discovery:discover_packages(colcon_meta) discover
[0.372s] Level 1:colcon.colcon_core.package_discovery:discover_packages(recursive) discover
[0.372s] INFO:colcon.colcon_core.package_discovery:Crawling recursively for packages in '/home/butthead/WS/robrep2/hight'
[0.372s] Level 1:colcon.colcon_core.package_identification:_identify(.) by extensions ['ignore', 'ignore_ament_install']
[0.372s] Level 1:colcon.colcon_core.package_identification:_identify(.) by extension 'ignore'
[0.372s] Level 1:colcon.colcon_core.package_identification:_identify(.) by extension 'ignore_ament_install'
[0.373s] Level 1:colcon.colcon_core.package_identification:_identify(.) by extensions ['colcon_pkg']
[0.373s] Level 1:colcon.colcon_core.package_identification:_identify(.) by extension 'colcon_pkg'
[0.373s] Level 1:colcon.colcon_core.package_identification:_identify(.) by extensions ['colcon_meta']
[0.373s] Level 1:colcon.colcon_core.package_identification:_identify(.) by extension 'colcon_meta'
[0.373s] Level 1:colcon.colcon_core.package_identification:_identify(.) by extensions ['ros']
[0.373s] Level 1:colcon.colcon_core.package_identification:_identify(.) by extension 'ros'
[0.387s] DEBUG:colcon.colcon_core.package_identification:Package '.' with type 'ros.ament_cmake' and name 'hight'
[0.387s] Level 1:colcon.colcon_core.package_discovery:discover_packages(recursive) using defaults
[0.387s] Level 1:colcon.colcon_core.package_discovery:discover_packages(ignore) discover
[0.387s] Level 1:colcon.colcon_core.package_discovery:discover_packages(ignore) using defaults
[0.387s] Level 1:colcon.colcon_core.package_discovery:discover_packages(path) discover
[0.387s] Level 1:colcon.colcon_core.package_discovery:discover_packages(path) using defaults
[0.412s] Level 1:colcon.colcon_core.package_discovery:discover_packages(prefix_path) check parameters
[0.412s] Level 1:colcon.colcon_core.package_discovery:discover_packages(prefix_path) discover
[0.415s] DEBUG:colcon.colcon_installed_package_information.package_discovery:Found 283 installed packages in /opt/ros/humble
[0.417s] Level 1:colcon.colcon_core.package_discovery:discover_packages(prefix_path) using defaults
[0.485s] Level 5:colcon.colcon_core.verb:set package 'hight' build argument 'cmake_args' from command line to 'None'
[0.485s] Level 5:colcon.colcon_core.verb:set package 'hight' build argument 'cmake_target' from command line to 'None'
[0.485s] Level 5:colcon.colcon_core.verb:set package 'hight' build argument 'cmake_target_skip_unavailable' from command line to 'False'
[0.485s] Level 5:colcon.colcon_core.verb:set package 'hight' build argument 'cmake_clean_cache' from command line to 'False'
[0.485s] Level 5:colcon.colcon_core.verb:set package 'hight' build argument 'cmake_clean_first' from command line to 'False'
[0.485s] Level 5:colcon.colcon_core.verb:set package 'hight' build argument 'cmake_force_configure' from command line to 'False'
[0.485s] Level 5:colcon.colcon_core.verb:set package 'hight' build argument 'ament_cmake_args' from command line to 'None'
[0.485s] Level 5:colcon.colcon_core.verb:set package 'hight' build argument 'catkin_cmake_args' from command line to 'None'
[0.485s] Level 5:colcon.colcon_core.verb:set package 'hight' build argument 'catkin_skip_building_tests' from command line to 'False'
[0.485s] DEBUG:colcon.colcon_core.verb:Building package 'hight' with the following arguments: {'ament_cmake_args': None, 'build_base': '/home/butthead/WS/robrep2/hight/build/hight', 'catkin_cmake_args': None, 'catkin_skip_building_tests': False, 'cmake_args': None, 'cmake_clean_cache': False, 'cmake_clean_first': False, 'cmake_force_configure': False, 'cmake_target': None, 'cmake_target_skip_unavailable': False, 'install_base': '/home/butthead/WS/robrep2/hight/install/hight', 'merge_install': False, 'path': '/home/butthead/WS/robrep2/hight', 'symlink_install': False, 'test_result_base': None}
[0.486s] INFO:colcon.colcon_core.executor:Executing jobs using 'parallel' executor
[0.491s] DEBUG:colcon.colcon_parallel_executor.executor.parallel:run_until_complete
[0.491s] INFO:colcon.colcon_ros.task.ament_cmake.build:Building ROS package in '/home/butthead/WS/robrep2/hight' with build type 'ament_cmake'
[0.491s] INFO:colcon.colcon_cmake.task.cmake.build:Building CMake package in '/home/butthead/WS/robrep2/hight'
[0.496s] INFO:colcon.colcon_core.plugin_system:Skipping extension 'colcon_core.shell.bat': Not used on non-Windows systems
[0.497s] INFO:colcon.colcon_core.shell:Skip shell extension 'powershell' for command environment: Not usable outside of PowerShell
[0.497s] DEBUG:colcon.colcon_core.shell:Skip shell extension 'dsv' for command environment
[0.510s] DEBUG:colcon.colcon_core.event_handler.log_command:Invoking command in '/home/butthead/WS/robrep2/hight/build/hight': CMAKE_PREFIX_PATH=/opt/ros/humble /usr/bin/cmake /home/butthead/WS/robrep2/hight -DCMAKE_INSTALL_PREFIX=/home/butthead/WS/robrep2/hight/install/hight
[0.539s] DEBUG:colcon.colcon_core.event_handler.log_command:Invoked command in '/home/butthead/WS/robrep2/hight/build/hight' returned '1': CMAKE_PREFIX_PATH=/opt/ros/humble /usr/bin/cmake /home/butthead/WS/robrep2/hight -DCMAKE_INSTALL_PREFIX=/home/butthead/WS/robrep2/hight/install/hight
[0.550s] Level 1:colcon.colcon_core.environment:create_environment_scripts_only(hight)
[0.560s] Level 1:colcon.colcon_core.environment:checking '/home/butthead/WS/robrep2/hight/install/hight' for CMake module files
[0.560s] Level 1:colcon.colcon_core.environment:checking '/home/butthead/WS/robrep2/hight/install/hight' for CMake config files
[0.561s] Level 1:colcon.colcon_core.environment:checking '/home/butthead/WS/robrep2/hight/install/hight/bin'
[0.561s] Level 1:colcon.colcon_core.environment:checking '/home/butthead/WS/robrep2/hight/install/hight/lib/pkgconfig/hight.pc'
[0.561s] Level 1:colcon.colcon_core.environment:checking '/home/butthead/WS/robrep2/hight/install/hight/lib/python3.10/site-packages'
[0.561s] Level 1:colcon.colcon_core.environment:checking '/home/butthead/WS/robrep2/hight/install/hight/bin'
[0.563s] INFO:colcon.colcon_core.shell:Creating package script '/home/butthead/WS/robrep2/hight/install/hight/share/hight/package.ps1'
[0.564s] INFO:colcon.colcon_core.shell:Creating package descriptor '/home/butthead/WS/robrep2/hight/install/hight/share/hight/package.dsv'
[0.565s] INFO:colcon.colcon_core.shell:Creating package script '/home/butthead/WS/robrep2/hight/install/hight/share/hight/package.sh'
[0.565s] INFO:colcon.colcon_core.shell:Creating package script '/home/butthead/WS/robrep2/hight/install/hight/share/hight/package.bash'
[0.566s] INFO:colcon.colcon_core.shell:Creating package script '/home/butthead/WS/robrep2/hight/install/hight/share/hight/package.zsh'
[0.567s] Level 1:colcon.colcon_core.environment:create_file_with_runtime_dependencies(/home/butthead/WS/robrep2/hight/install/hight/share/colcon-core/packages/hight)
[0.577s] DEBUG:colcon.colcon_parallel_executor.executor.parallel:closing loop
[0.578s] DEBUG:colcon.colcon_parallel_executor.executor.parallel:loop closed
[0.578s] DEBUG:colcon.colcon_parallel_executor.executor.parallel:run_until_complete finished with '1'
[0.578s] DEBUG:colcon.colcon_core.event_reactor:joining thread
[0.586s] INFO:colcon.colcon_core.plugin_system:Skipping extension 'colcon_notification.desktop_notification.terminal_notifier': Not used on non-Darwin systems
[0.587s] INFO:colcon.colcon_core.plugin_system:Skipping extension 'colcon_notification.desktop_notification.win32': Not used on non-Windows systems
[0.587s] INFO:colcon.colcon_notification.desktop_notification:Sending desktop notification using 'notify2'
[0.606s] DEBUG:colcon.colcon_core.event_reactor:joined thread
[0.608s] INFO:colcon.colcon_core.shell:Creating prefix script '/home/butthead/WS/robrep2/hight/install/local_setup.ps1'
[0.611s] INFO:colcon.colcon_core.shell:Creating prefix util module '/home/butthead/WS/robrep2/hight/install/_local_setup_util_ps1.py'
[0.613s] INFO:colcon.colcon_core.shell:Creating prefix chain script '/home/butthead/WS/robrep2/hight/install/setup.ps1'
[0.615s] INFO:colcon.colcon_core.shell:Creating prefix script '/home/butthead/WS/robrep2/hight/install/local_setup.sh'
[0.615s] INFO:colcon.colcon_core.shell:Creating prefix util module '/home/butthead/WS/robrep2/hight/install/_local_setup_util_sh.py'
[0.616s] INFO:colcon.colcon_core.shell:Creating prefix chain script '/home/butthead/WS/robrep2/hight/install/setup.sh'
[0.618s] INFO:colcon.colcon_core.shell:Creating prefix script '/home/butthead/WS/robrep2/hight/install/local_setup.bash'
[0.618s] INFO:colcon.colcon_core.shell:Creating prefix chain script '/home/butthead/WS/robrep2/hight/install/setup.bash'
[0.621s] INFO:colcon.colcon_core.shell:Creating prefix script '/home/butthead/WS/robrep2/hight/install/local_setup.zsh'
[0.621s] INFO:colcon.colcon_core.shell:Creating prefix chain script '/home/butthead/WS/robrep2/hight/install/setup.zsh'
