[0.503s] DEBUG:colcon:Command line arguments: ['/usr/bin/colcon', 'build', '--packages-select', 'hight']
[0.504s] DEBUG:colcon:Parsed command line arguments: Namespace(log_base=None, log_level=None, verb_name='build', build_base='build', install_base='install', merge_install=False, symlink_install=False, test_result_base=None, continue_on_error=False, executor='parallel', parallel_workers=4, event_handlers=None, ignore_user_meta=False, metas=['./colcon.meta'], base_paths=['.'], packages_ignore=None, packages_ignore_regex=None, paths=None, packages_up_to=None, packages_up_to_regex=None, packages_above=None, packages_above_and_dependencies=None, packages_above_depth=None, packages_select_by_dep=None, packages_skip_by_dep=None, packages_skip_up_to=None, packages_select_build_failed=False, packages_skip_build_finished=False, packages_select_test_failures=False, packages_skip_test_passed=False, packages_select=['hight'], packages_skip=None, packages_select_regex=None, packages_skip_regex=None, packages_start=None, packages_end=None, allow_overriding=[], cmake_args=None, cmake_target=None, cmake_target_skip_unavailable=False, cmake_clean_cache=False, cmake_clean_first=False, cmake_force_configure=False, ament_cmake_args=None, catkin_cmake_args=None, catkin_skip_building_tests=False, verb_parser=<colcon_defaults.argument_parser.defaults.DefaultArgumentsDecorator object at 0x7fa187e9bf70>, verb_extension=<colcon_core.verb.build.BuildVerb object at 0x7fa18880f760>, main=<bound method BuildVerb.main of <colcon_core.verb.build.BuildVerb object at 0x7fa18880f760>>)
[0.559s] Level 1:colcon.colcon_core.package_discovery:discover_packages(colcon_meta) check parameters
[0.559s] Level 1:colcon.colcon_core.package_discovery:discover_packages(recursive) check parameters
[0.559s] Level 1:colcon.colcon_core.package_discovery:discover_packages(ignore) check parameters
[0.559s] Level 1:colcon.colcon_core.package_discovery:discover_packages(path) check parameters
[0.559s] Level 1:colcon.colcon_core.package_discovery:discover_packages(colcon_meta) discover
[0.559s] Level 1:colcon.colcon_core.package_discovery:discover_packages(recursive) discover
[0.560s] INFO:colcon.colcon_core.package_discovery:Crawling recursively for packages in '/home/butthead/WS/robrep/hight/nuc/hight'
[0.560s] Level 1:colcon.colcon_core.package_identification:_identify(.) by extensions ['ignore', 'ignore_ament_install']
[0.560s] Level 1:colcon.colcon_core.package_identification:_identify(.) by extension 'ignore'
[0.560s] Level 1:colcon.colcon_core.package_identification:_identify(.) by extension 'ignore_ament_install'
[0.560s] Level 1:colcon.colcon_core.package_identification:_identify(.) by extensions ['colcon_pkg']
[0.560s] Level 1:colcon.colcon_core.package_identification:_identify(.) by extension 'colcon_pkg'
[0.560s] Level 1:colcon.colcon_core.package_identification:_identify(.) by extensions ['colcon_meta']
[0.560s] Level 1:colcon.colcon_core.package_identification:_identify(.) by extension 'colcon_meta'
[0.560s] Level 1:colcon.colcon_core.package_identification:_identify(.) by extensions ['ros']
[0.560s] Level 1:colcon.colcon_core.package_identification:_identify(.) by extension 'ros'
[0.577s] DEBUG:colcon.colcon_core.package_identification:Package '.' with type 'ros.ament_cmake' and name 'hight'
[0.577s] Level 1:colcon.colcon_core.package_discovery:discover_packages(recursive) using defaults
[0.577s] Level 1:colcon.colcon_core.package_discovery:discover_packages(ignore) discover
[0.577s] Level 1:colcon.colcon_core.package_discovery:discover_packages(ignore) using defaults
[0.577s] Level 1:colcon.colcon_core.package_discovery:discover_packages(path) discover
[0.578s] Level 1:colcon.colcon_core.package_discovery:discover_packages(path) using defaults
[0.610s] Level 1:colcon.colcon_core.package_discovery:discover_packages(prefix_path) check parameters
[0.610s] Level 1:colcon.colcon_core.package_discovery:discover_packages(prefix_path) discover
[0.614s] DEBUG:colcon.colcon_installed_package_information.package_discovery:Found 0 installed packages in /home/butthead/WS/ros2_ws/install
[0.617s] DEBUG:colcon.colcon_installed_package_information.package_discovery:Found 283 installed packages in /opt/ros/humble
[0.618s] Level 1:colcon.colcon_core.package_discovery:discover_packages(prefix_path) using defaults
[0.709s] Level 5:colcon.colcon_core.verb:set package 'hight' build argument 'cmake_args' from command line to 'None'
[0.709s] Level 5:colcon.colcon_core.verb:set package 'hight' build argument 'cmake_target' from command line to 'None'
[0.709s] Level 5:colcon.colcon_core.verb:set package 'hight' build argument 'cmake_target_skip_unavailable' from command line to 'False'
[0.710s] Level 5:colcon.colcon_core.verb:set package 'hight' build argument 'cmake_clean_cache' from command line to 'False'
[0.710s] Level 5:colcon.colcon_core.verb:set package 'hight' build argument 'cmake_clean_first' from command line to 'False'
[0.710s] Level 5:colcon.colcon_core.verb:set package 'hight' build argument 'cmake_force_configure' from command line to 'False'
[0.710s] Level 5:colcon.colcon_core.verb:set package 'hight' build argument 'ament_cmake_args' from command line to 'None'
[0.710s] Level 5:colcon.colcon_core.verb:set package 'hight' build argument 'catkin_cmake_args' from command line to 'None'
[0.710s] Level 5:colcon.colcon_core.verb:set package 'hight' build argument 'catkin_skip_building_tests' from command line to 'False'
[0.710s] DEBUG:colcon.colcon_core.verb:Building package 'hight' with the following arguments: {'ament_cmake_args': None, 'build_base': '/home/butthead/WS/robrep/hight/nuc/hight/build/hight', 'catkin_cmake_args': None, 'catkin_skip_building_tests': False, 'cmake_args': None, 'cmake_clean_cache': False, 'cmake_clean_first': False, 'cmake_force_configure': False, 'cmake_target': None, 'cmake_target_skip_unavailable': False, 'install_base': '/home/butthead/WS/robrep/hight/nuc/hight/install/hight', 'merge_install': False, 'path': '/home/butthead/WS/robrep/hight/nuc/hight', 'symlink_install': False, 'test_result_base': None}
[0.710s] INFO:colcon.colcon_core.executor:Executing jobs using 'parallel' executor
[0.715s] DEBUG:colcon.colcon_parallel_executor.executor.parallel:run_until_complete
[0.715s] INFO:colcon.colcon_ros.task.ament_cmake.build:Building ROS package in '/home/butthead/WS/robrep/hight/nuc/hight' with build type 'ament_cmake'
[0.715s] INFO:colcon.colcon_cmake.task.cmake.build:Building CMake package in '/home/butthead/WS/robrep/hight/nuc/hight'
[0.722s] INFO:colcon.colcon_core.plugin_system:Skipping extension 'colcon_core.shell.bat': Not used on non-Windows systems
[0.722s] INFO:colcon.colcon_core.shell:Skip shell extension 'powershell' for command environment: Not usable outside of PowerShell
[0.722s] DEBUG:colcon.colcon_core.shell:Skip shell extension 'dsv' for command environment
[0.731s] DEBUG:colcon.colcon_core.event_handler.log_command:Invoking command in '/home/butthead/WS/robrep/hight/nuc/hight/build/hight': CMAKE_PREFIX_PATH=/opt/ros/humble /usr/bin/cmake /home/butthead/WS/robrep/hight/nuc/hight -DCMAKE_INSTALL_PREFIX=/home/butthead/WS/robrep/hight/nuc/hight/install/hight
[2.254s] DEBUG:colcon.colcon_core.event_handler.log_command:Invoked command in '/home/butthead/WS/robrep/hight/nuc/hight/build/hight' returned '0': CMAKE_PREFIX_PATH=/opt/ros/humble /usr/bin/cmake /home/butthead/WS/robrep/hight/nuc/hight -DCMAKE_INSTALL_PREFIX=/home/butthead/WS/robrep/hight/nuc/hight/install/hight
[2.256s] DEBUG:colcon.colcon_core.event_handler.log_command:Invoking command in '/home/butthead/WS/robrep/hight/nuc/hight/build/hight': CMAKE_PREFIX_PATH=/opt/ros/humble /usr/bin/cmake --build /home/butthead/WS/robrep/hight/nuc/hight/build/hight -- -j4 -l4
[6.059s] DEBUG:colcon.colcon_core.event_handler.log_command:Invoked command in '/home/butthead/WS/robrep/hight/nuc/hight/build/hight' returned '2': CMAKE_PREFIX_PATH=/opt/ros/humble /usr/bin/cmake --build /home/butthead/WS/robrep/hight/nuc/hight/build/hight -- -j4 -l4
[6.101s] Level 1:colcon.colcon_core.environment:create_environment_scripts_only(hight)
[6.123s] Level 1:colcon.colcon_core.environment:checking '/home/butthead/WS/robrep/hight/nuc/hight/install/hight' for CMake module files
[6.124s] Level 1:colcon.colcon_core.environment:checking '/home/butthead/WS/robrep/hight/nuc/hight/install/hight' for CMake config files
[6.129s] Level 1:colcon.colcon_core.environment:checking '/home/butthead/WS/robrep/hight/nuc/hight/install/hight/bin'
[6.130s] Level 1:colcon.colcon_core.environment:checking '/home/butthead/WS/robrep/hight/nuc/hight/install/hight/lib/pkgconfig/hight.pc'
[6.130s] Level 1:colcon.colcon_core.environment:checking '/home/butthead/WS/robrep/hight/nuc/hight/install/hight/lib/python3.10/site-packages'
[6.131s] Level 1:colcon.colcon_core.environment:checking '/home/butthead/WS/robrep/hight/nuc/hight/install/hight/bin'
[6.133s] INFO:colcon.colcon_core.shell:Creating package script '/home/butthead/WS/robrep/hight/nuc/hight/install/hight/share/hight/package.ps1'
[6.135s] INFO:colcon.colcon_core.shell:Creating package descriptor '/home/butthead/WS/robrep/hight/nuc/hight/install/hight/share/hight/package.dsv'
[6.136s] INFO:colcon.colcon_core.shell:Creating package script '/home/butthead/WS/robrep/hight/nuc/hight/install/hight/share/hight/package.sh'
[6.137s] INFO:colcon.colcon_core.shell:Creating package script '/home/butthead/WS/robrep/hight/nuc/hight/install/hight/share/hight/package.bash'
[6.138s] INFO:colcon.colcon_core.shell:Creating package script '/home/butthead/WS/robrep/hight/nuc/hight/install/hight/share/hight/package.zsh'
[6.139s] Level 1:colcon.colcon_core.environment:create_file_with_runtime_dependencies(/home/butthead/WS/robrep/hight/nuc/hight/install/hight/share/colcon-core/packages/hight)
[6.151s] DEBUG:colcon.colcon_parallel_executor.executor.parallel:closing loop
[6.151s] DEBUG:colcon.colcon_parallel_executor.executor.parallel:loop closed
[6.151s] DEBUG:colcon.colcon_parallel_executor.executor.parallel:run_until_complete finished with '2'
[6.151s] DEBUG:colcon.colcon_core.event_reactor:joining thread
[6.170s] INFO:colcon.colcon_core.plugin_system:Skipping extension 'colcon_notification.desktop_notification.terminal_notifier': Not used on non-Darwin systems
[6.170s] INFO:colcon.colcon_core.plugin_system:Skipping extension 'colcon_notification.desktop_notification.win32': Not used on non-Windows systems
[6.170s] INFO:colcon.colcon_notification.desktop_notification:Sending desktop notification using 'notify2'
[6.212s] DEBUG:colcon.colcon_core.event_reactor:joined thread
[6.214s] INFO:colcon.colcon_core.shell:Creating prefix script '/home/butthead/WS/robrep/hight/nuc/hight/install/local_setup.ps1'
[6.216s] INFO:colcon.colcon_core.shell:Creating prefix util module '/home/butthead/WS/robrep/hight/nuc/hight/install/_local_setup_util_ps1.py'
[6.218s] INFO:colcon.colcon_core.shell:Creating prefix chain script '/home/butthead/WS/robrep/hight/nuc/hight/install/setup.ps1'
[6.221s] INFO:colcon.colcon_core.shell:Creating prefix script '/home/butthead/WS/robrep/hight/nuc/hight/install/local_setup.sh'
[6.222s] INFO:colcon.colcon_core.shell:Creating prefix util module '/home/butthead/WS/robrep/hight/nuc/hight/install/_local_setup_util_sh.py'
[6.223s] INFO:colcon.colcon_core.shell:Creating prefix chain script '/home/butthead/WS/robrep/hight/nuc/hight/install/setup.sh'
[6.225s] INFO:colcon.colcon_core.shell:Creating prefix script '/home/butthead/WS/robrep/hight/nuc/hight/install/local_setup.bash'
[6.225s] INFO:colcon.colcon_core.shell:Creating prefix chain script '/home/butthead/WS/robrep/hight/nuc/hight/install/setup.bash'
[6.227s] INFO:colcon.colcon_core.shell:Creating prefix script '/home/butthead/WS/robrep/hight/nuc/hight/install/local_setup.zsh'
[6.228s] INFO:colcon.colcon_core.shell:Creating prefix chain script '/home/butthead/WS/robrep/hight/nuc/hight/install/setup.zsh'
