[0.327s] DEBUG:colcon:Command line arguments: ['/usr/bin/colcon', 'build', '--packages-select', 'hight']
[0.327s] DEBUG:colcon:Parsed command line arguments: Namespace(log_base=None, log_level=None, verb_name='build', build_base='build', install_base='install', merge_install=False, symlink_install=False, test_result_base=None, continue_on_error=False, executor='parallel', parallel_workers=4, event_handlers=None, ignore_user_meta=False, metas=['./colcon.meta'], base_paths=['.'], packages_ignore=None, packages_ignore_regex=None, paths=None, packages_up_to=None, packages_up_to_regex=None, packages_above=None, packages_above_and_dependencies=None, packages_above_depth=None, packages_select_by_dep=None, packages_skip_by_dep=None, packages_skip_up_to=None, packages_select_build_failed=False, packages_skip_build_finished=False, packages_select_test_failures=False, packages_skip_test_passed=False, packages_select=['hight'], packages_skip=None, packages_select_regex=None, packages_skip_regex=None, packages_start=None, packages_end=None, allow_overriding=[], cmake_args=None, cmake_target=None, cmake_target_skip_unavailable=False, cmake_clean_cache=False, cmake_clean_first=False, cmake_force_configure=False, ament_cmake_args=None, catkin_cmake_args=None, catkin_skip_building_tests=False, verb_parser=<colcon_defaults.argument_parser.defaults.DefaultArgumentsDecorator object at 0x7f42e7c73d30>, verb_extension=<colcon_core.verb.build.BuildVerb object at 0x7f42e85e6b00>, main=<bound method BuildVerb.main of <colcon_core.verb.build.BuildVerb object at 0x7f42e85e6b00>>)
[0.363s] Level 1:colcon.colcon_core.package_discovery:discover_packages(colcon_meta) check parameters
[0.363s] Level 1:colcon.colcon_core.package_discovery:discover_packages(recursive) check parameters
[0.363s] Level 1:colcon.colcon_core.package_discovery:discover_packages(ignore) check parameters
[0.363s] Level 1:colcon.colcon_core.package_discovery:discover_packages(path) check parameters
[0.363s] Level 1:colcon.colcon_core.package_discovery:discover_packages(colcon_meta) discover
[0.363s] Level 1:colcon.colcon_core.package_discovery:discover_packages(recursive) discover
[0.363s] INFO:colcon.colcon_core.package_discovery:Crawling recursively for packages in '/home/butthead/WS/robrep/hight/nuc/hight'
[0.363s] Level 1:colcon.colcon_core.package_identification:_identify(.) by extensions ['ignore', 'ignore_ament_install']
[0.363s] Level 1:colcon.colcon_core.package_identification:_identify(.) by extension 'ignore'
[0.363s] Level 1:colcon.colcon_core.package_identification:_identify(.) by extension 'ignore_ament_install'
[0.363s] Level 1:colcon.colcon_core.package_identification:_identify(.) by extensions ['colcon_pkg']
[0.363s] Level 1:colcon.colcon_core.package_identification:_identify(.) by extension 'colcon_pkg'
[0.364s] Level 1:colcon.colcon_core.package_identification:_identify(.) by extensions ['colcon_meta']
[0.364s] Level 1:colcon.colcon_core.package_identification:_identify(.) by extension 'colcon_meta'
[0.364s] Level 1:colcon.colcon_core.package_identification:_identify(.) by extensions ['ros']
[0.364s] Level 1:colcon.colcon_core.package_identification:_identify(.) by extension 'ros'
[0.377s] DEBUG:colcon.colcon_core.package_identification:Package '.' with type 'ros.ament_cmake' and name 'hight'
[0.377s] Level 1:colcon.colcon_core.package_discovery:discover_packages(recursive) using defaults
[0.378s] Level 1:colcon.colcon_core.package_discovery:discover_packages(ignore) discover
[0.378s] Level 1:colcon.colcon_core.package_discovery:discover_packages(ignore) using defaults
[0.378s] Level 1:colcon.colcon_core.package_discovery:discover_packages(path) discover
[0.378s] Level 1:colcon.colcon_core.package_discovery:discover_packages(path) using defaults
[0.403s] Level 1:colcon.colcon_core.package_discovery:discover_packages(prefix_path) check parameters
[0.403s] Level 1:colcon.colcon_core.package_discovery:discover_packages(prefix_path) discover
[0.405s] DEBUG:colcon.colcon_installed_package_information.package_discovery:Found 0 installed packages in /home/butthead/WS/ros2_ws/install
[0.407s] DEBUG:colcon.colcon_installed_package_information.package_discovery:Found 283 installed packages in /opt/ros/humble
[0.409s] Level 1:colcon.colcon_core.package_discovery:discover_packages(prefix_path) using defaults
[0.475s] Level 5:colcon.colcon_core.verb:set package 'hight' build argument 'cmake_args' from command line to 'None'
[0.475s] Level 5:colcon.colcon_core.verb:set package 'hight' build argument 'cmake_target' from command line to 'None'
[0.475s] Level 5:colcon.colcon_core.verb:set package 'hight' build argument 'cmake_target_skip_unavailable' from command line to 'False'
[0.475s] Level 5:colcon.colcon_core.verb:set package 'hight' build argument 'cmake_clean_cache' from command line to 'False'
[0.476s] Level 5:colcon.colcon_core.verb:set package 'hight' build argument 'cmake_clean_first' from command line to 'False'
[0.476s] Level 5:colcon.colcon_core.verb:set package 'hight' build argument 'cmake_force_configure' from command line to 'False'
[0.476s] Level 5:colcon.colcon_core.verb:set package 'hight' build argument 'ament_cmake_args' from command line to 'None'
[0.476s] Level 5:colcon.colcon_core.verb:set package 'hight' build argument 'catkin_cmake_args' from command line to 'None'
[0.476s] Level 5:colcon.colcon_core.verb:set package 'hight' build argument 'catkin_skip_building_tests' from command line to 'False'
[0.476s] DEBUG:colcon.colcon_core.verb:Building package 'hight' with the following arguments: {'ament_cmake_args': None, 'build_base': '/home/butthead/WS/robrep/hight/nuc/hight/build/hight', 'catkin_cmake_args': None, 'catkin_skip_building_tests': False, 'cmake_args': None, 'cmake_clean_cache': False, 'cmake_clean_first': False, 'cmake_force_configure': False, 'cmake_target': None, 'cmake_target_skip_unavailable': False, 'install_base': '/home/butthead/WS/robrep/hight/nuc/hight/install/hight', 'merge_install': False, 'path': '/home/butthead/WS/robrep/hight/nuc/hight', 'symlink_install': False, 'test_result_base': None}
[0.477s] INFO:colcon.colcon_core.executor:Executing jobs using 'parallel' executor
[0.482s] DEBUG:colcon.colcon_parallel_executor.executor.parallel:run_until_complete
[0.482s] INFO:colcon.colcon_ros.task.ament_cmake.build:Building ROS package in '/home/butthead/WS/robrep/hight/nuc/hight' with build type 'ament_cmake'
[0.482s] INFO:colcon.colcon_cmake.task.cmake.build:Building CMake package in '/home/butthead/WS/robrep/hight/nuc/hight'
[0.487s] INFO:colcon.colcon_core.plugin_system:Skipping extension 'colcon_core.shell.bat': Not used on non-Windows systems
[0.487s] INFO:colcon.colcon_core.shell:Skip shell extension 'powershell' for command environment: Not usable outside of PowerShell
[0.487s] DEBUG:colcon.colcon_core.shell:Skip shell extension 'dsv' for command environment
[0.501s] DEBUG:colcon.colcon_core.event_handler.log_command:Invoking command in '/home/butthead/WS/robrep/hight/nuc/hight/build/hight': CMAKE_PREFIX_PATH=/opt/ros/humble /usr/bin/cmake --build /home/butthead/WS/robrep/hight/nuc/hight/build/hight -- -j4 -l4
[5.418s] DEBUG:colcon.colcon_core.event_handler.log_command:Invoked command in '/home/butthead/WS/robrep/hight/nuc/hight/build/hight' returned '0': CMAKE_PREFIX_PATH=/opt/ros/humble /usr/bin/cmake --build /home/butthead/WS/robrep/hight/nuc/hight/build/hight -- -j4 -l4
[5.461s] DEBUG:colcon.colcon_core.event_handler.log_command:Invoking command in '/home/butthead/WS/robrep/hight/nuc/hight/build/hight': CMAKE_PREFIX_PATH=/opt/ros/humble /usr/bin/cmake --install /home/butthead/WS/robrep/hight/nuc/hight/build/hight
[5.485s] Level 1:colcon.colcon_core.environment:create_environment_scripts_only(hight)
[5.486s] DEBUG:colcon.colcon_core.event_handler.log_command:Invoked command in '/home/butthead/WS/robrep/hight/nuc/hight/build/hight' returned '0': CMAKE_PREFIX_PATH=/opt/ros/humble /usr/bin/cmake --install /home/butthead/WS/robrep/hight/nuc/hight/build/hight
[5.491s] Level 1:colcon.colcon_core.environment:checking '/home/butthead/WS/robrep/hight/nuc/hight/install/hight' for CMake module files
[5.492s] Level 1:colcon.colcon_core.environment:checking '/home/butthead/WS/robrep/hight/nuc/hight/install/hight' for CMake config files
[5.492s] Level 1:colcon.colcon_core.shell:create_environment_hook('hight', 'cmake_prefix_path')
[5.493s] INFO:colcon.colcon_core.shell:Creating environment hook '/home/butthead/WS/robrep/hight/nuc/hight/install/hight/share/hight/hook/cmake_prefix_path.ps1'
[5.494s] INFO:colcon.colcon_core.shell:Creating environment descriptor '/home/butthead/WS/robrep/hight/nuc/hight/install/hight/share/hight/hook/cmake_prefix_path.dsv'
[5.495s] INFO:colcon.colcon_core.shell:Creating environment hook '/home/butthead/WS/robrep/hight/nuc/hight/install/hight/share/hight/hook/cmake_prefix_path.sh'
[5.496s] Level 1:colcon.colcon_core.environment:checking '/home/butthead/WS/robrep/hight/nuc/hight/install/hight/lib'
[5.496s] Level 1:colcon.colcon_core.environment:checking '/home/butthead/WS/robrep/hight/nuc/hight/install/hight/bin'
[5.496s] Level 1:colcon.colcon_core.environment:checking '/home/butthead/WS/robrep/hight/nuc/hight/install/hight/lib/pkgconfig/hight.pc'
[5.496s] Level 1:colcon.colcon_core.environment:checking '/home/butthead/WS/robrep/hight/nuc/hight/install/hight/lib/python3.10/site-packages'
[5.497s] Level 1:colcon.colcon_core.environment:checking '/home/butthead/WS/robrep/hight/nuc/hight/install/hight/bin'
[5.498s] INFO:colcon.colcon_core.shell:Creating package script '/home/butthead/WS/robrep/hight/nuc/hight/install/hight/share/hight/package.ps1'
[5.499s] INFO:colcon.colcon_core.shell:Creating package descriptor '/home/butthead/WS/robrep/hight/nuc/hight/install/hight/share/hight/package.dsv'
[5.500s] INFO:colcon.colcon_core.shell:Creating package script '/home/butthead/WS/robrep/hight/nuc/hight/install/hight/share/hight/package.sh'
[5.501s] INFO:colcon.colcon_core.shell:Creating package script '/home/butthead/WS/robrep/hight/nuc/hight/install/hight/share/hight/package.bash'
[5.501s] INFO:colcon.colcon_core.shell:Creating package script '/home/butthead/WS/robrep/hight/nuc/hight/install/hight/share/hight/package.zsh'
[5.502s] Level 1:colcon.colcon_core.environment:create_file_with_runtime_dependencies(/home/butthead/WS/robrep/hight/nuc/hight/install/hight/share/colcon-core/packages/hight)
[5.527s] Level 1:colcon.colcon_core.environment:create_environment_scripts_only(hight)
[5.531s] Level 1:colcon.colcon_core.environment:checking '/home/butthead/WS/robrep/hight/nuc/hight/install/hight' for CMake module files
[5.532s] Level 1:colcon.colcon_core.environment:checking '/home/butthead/WS/robrep/hight/nuc/hight/install/hight' for CMake config files
[5.532s] Level 1:colcon.colcon_core.shell:create_environment_hook('hight', 'cmake_prefix_path')
[5.534s] INFO:colcon.colcon_core.shell:Creating environment hook '/home/butthead/WS/robrep/hight/nuc/hight/install/hight/share/hight/hook/cmake_prefix_path.ps1'
[5.534s] INFO:colcon.colcon_core.shell:Creating environment descriptor '/home/butthead/WS/robrep/hight/nuc/hight/install/hight/share/hight/hook/cmake_prefix_path.dsv'
[5.535s] INFO:colcon.colcon_core.shell:Creating environment hook '/home/butthead/WS/robrep/hight/nuc/hight/install/hight/share/hight/hook/cmake_prefix_path.sh'
[5.535s] Level 1:colcon.colcon_core.environment:checking '/home/butthead/WS/robrep/hight/nuc/hight/install/hight/lib'
[5.535s] Level 1:colcon.colcon_core.environment:checking '/home/butthead/WS/robrep/hight/nuc/hight/install/hight/bin'
[5.535s] Level 1:colcon.colcon_core.environment:checking '/home/butthead/WS/robrep/hight/nuc/hight/install/hight/lib/pkgconfig/hight.pc'
[5.536s] Level 1:colcon.colcon_core.environment:checking '/home/butthead/WS/robrep/hight/nuc/hight/install/hight/lib/python3.10/site-packages'
[5.536s] Level 1:colcon.colcon_core.environment:checking '/home/butthead/WS/robrep/hight/nuc/hight/install/hight/bin'
[5.538s] INFO:colcon.colcon_core.shell:Creating package script '/home/butthead/WS/robrep/hight/nuc/hight/install/hight/share/hight/package.ps1'
[5.538s] INFO:colcon.colcon_core.shell:Creating package descriptor '/home/butthead/WS/robrep/hight/nuc/hight/install/hight/share/hight/package.dsv'
[5.539s] INFO:colcon.colcon_core.shell:Creating package script '/home/butthead/WS/robrep/hight/nuc/hight/install/hight/share/hight/package.sh'
[5.539s] INFO:colcon.colcon_core.shell:Creating package script '/home/butthead/WS/robrep/hight/nuc/hight/install/hight/share/hight/package.bash'
[5.539s] INFO:colcon.colcon_core.shell:Creating package script '/home/butthead/WS/robrep/hight/nuc/hight/install/hight/share/hight/package.zsh'
[5.540s] Level 1:colcon.colcon_core.environment:create_file_with_runtime_dependencies(/home/butthead/WS/robrep/hight/nuc/hight/install/hight/share/colcon-core/packages/hight)
[5.540s] DEBUG:colcon.colcon_parallel_executor.executor.parallel:closing loop
[5.540s] DEBUG:colcon.colcon_parallel_executor.executor.parallel:loop closed
[5.540s] DEBUG:colcon.colcon_parallel_executor.executor.parallel:run_until_complete finished with '0'
[5.541s] DEBUG:colcon.colcon_core.event_reactor:joining thread
[5.549s] INFO:colcon.colcon_core.plugin_system:Skipping extension 'colcon_notification.desktop_notification.terminal_notifier': Not used on non-Darwin systems
[5.549s] INFO:colcon.colcon_core.plugin_system:Skipping extension 'colcon_notification.desktop_notification.win32': Not used on non-Windows systems
[5.550s] INFO:colcon.colcon_notification.desktop_notification:Sending desktop notification using 'notify2'
[5.565s] DEBUG:colcon.colcon_core.event_reactor:joined thread
[5.567s] INFO:colcon.colcon_core.shell:Creating prefix script '/home/butthead/WS/robrep/hight/nuc/hight/install/local_setup.ps1'
[5.568s] INFO:colcon.colcon_core.shell:Creating prefix util module '/home/butthead/WS/robrep/hight/nuc/hight/install/_local_setup_util_ps1.py'
[5.570s] INFO:colcon.colcon_core.shell:Creating prefix chain script '/home/butthead/WS/robrep/hight/nuc/hight/install/setup.ps1'
[5.572s] INFO:colcon.colcon_core.shell:Creating prefix script '/home/butthead/WS/robrep/hight/nuc/hight/install/local_setup.sh'
[5.573s] INFO:colcon.colcon_core.shell:Creating prefix util module '/home/butthead/WS/robrep/hight/nuc/hight/install/_local_setup_util_sh.py'
[5.573s] INFO:colcon.colcon_core.shell:Creating prefix chain script '/home/butthead/WS/robrep/hight/nuc/hight/install/setup.sh'
[5.575s] INFO:colcon.colcon_core.shell:Creating prefix script '/home/butthead/WS/robrep/hight/nuc/hight/install/local_setup.bash'
[5.575s] INFO:colcon.colcon_core.shell:Creating prefix chain script '/home/butthead/WS/robrep/hight/nuc/hight/install/setup.bash'
[5.577s] INFO:colcon.colcon_core.shell:Creating prefix script '/home/butthead/WS/robrep/hight/nuc/hight/install/local_setup.zsh'
[5.577s] INFO:colcon.colcon_core.shell:Creating prefix chain script '/home/butthead/WS/robrep/hight/nuc/hight/install/setup.zsh'
