[0.015s] Invoking command in '/home/butthead/WS/robrep/hight/nuc/hight/build/hight': CMAKE_PREFIX_PATH=/opt/ros/humble /usr/bin/cmake --build /home/butthead/WS/robrep/hight/nuc/hight/build/hight -- -j4 -l4
[0.062s] [35m[1mConsolidate compiler generated dependencies of target listener[0m
[0.063s] [35m[1mConsolidate compiler generated dependencies of target talker[0m
[0.079s] [ 50%] [32mBuilding CXX object CMakeFiles/talker.dir/src/publisher.cpp.o[0m
[0.079s] [ 50%] [32mBuilding CXX object CMakeFiles/listener.dir/src/subscriber.cpp.o[0m
[2.681s] [01m[K/home/butthead/WS/robrep/hight/nuc/hight/src/publisher.cpp:[m[K In constructor ‘[01m[KMinimalPublisher::MinimalPublisher()[m[K’:
[2.682s] [01m[K/home/butthead/WS/robrep/hight/nuc/hight/src/publisher.cpp:15:63:[m[K [01;31m[Kerror: [m[K‘[01m[Kmsgs[m[K’ is not a member of ‘[01m[Kstd_msgs[m[K’; did you mean ‘[01m[Kmsg[m[K’?
[2.682s]    15 |                 publisher_ = this->create_publisher<std_msgs::[01;31m[Kmsgs[m[K::String>("topic", 10);
[2.682s]       |                                                               [01;31m[K^~~~[m[K
[2.682s]       |                                                               [32m[Kmsg[m[K
[2.682s] [01m[K/home/butthead/WS/robrep/hight/nuc/hight/src/publisher.cpp:15:36:[m[K [01;31m[Kerror: [m[Kparse error in template argument list
[2.682s]    15 |                 publisher_ = this->[01;31m[Kcreate_publisher<std_msgs::msgs::String>[m[K("topic", 10);
[2.682s]       |                                    [01;31m[K^~~~~~~~~~~~~~~~~~~~~~~~~~~~~~~~~~~~~~~~[m[K
[2.682s] [01m[K/home/butthead/WS/robrep/hight/nuc/hight/src/publisher.cpp:15:76:[m[K [01;31m[Kerror: [m[Kno matching function for call to ‘[01m[KMinimalPublisher::create_publisher<<expression error> >(const char [6], int)[m[K’
[2.682s]    15 |                 publisher_ = [01;31m[Kthis->create_publisher<std_msgs::msgs::String>("topic", 10)[m[K;
[2.682s]       |                              [01;31m[K~~~~~~~~~~~~~~~~~~~~~~~~~~~~~~~~~~~~~~~~~~~~~~^~~~~~~~~~~~~[m[K
[2.686s] In file included from [01m[K/opt/ros/humble/include/rclcpp/rclcpp/executors/single_threaded_executor.hpp:28[m[K,
[2.686s]                  from [01m[K/opt/ros/humble/include/rclcpp/rclcpp/executors.hpp:22[m[K,
[2.686s]                  from [01m[K/opt/ros/humble/include/rclcpp/rclcpp/rclcpp.hpp:155[m[K,
[2.686s]                  from [01m[K/home/butthead/WS/robrep/hight/nuc/hight/src/publisher.cpp:6[m[K:
[2.687s] [01m[K/opt/ros/humble/include/rclcpp/rclcpp/node.hpp:195:3:[m[K [01;36m[Knote: [m[Kcandidate: ‘[01m[Ktemplate<class MessageT, class AllocatorT, class PublisherT> std::shared_ptr<PublisherT> rclcpp::Node::create_publisher(const string&, const rclcpp::QoS&, const rclcpp::PublisherOptionsWithAllocator<AllocatorT>&)[m[K’
[2.687s]   195 |   [01;36m[Kcreate_publisher[m[K(
[2.687s]       |   [01;36m[K^~~~~~~~~~~~~~~~[m[K
[2.687s] [01m[K/opt/ros/humble/include/rclcpp/rclcpp/node.hpp:195:3:[m[K [01;36m[Knote: [m[K  template argument deduction/substitution failed:
[2.687s] [01m[K/home/butthead/WS/robrep/hight/nuc/hight/src/publisher.cpp:15:76:[m[K [01;31m[Kerror: [m[Ktemplate argument 1 is invalid
[2.687s]    15 |                 publisher_ = [01;31m[Kthis->create_publisher<std_msgs::msgs::String>("topic", 10)[m[K;
[2.687s]       |                              [01;31m[K~~~~~~~~~~~~~~~~~~~~~~~~~~~~~~~~~~~~~~~~~~~~~~^~~~~~~~~~~~~[m[K
[2.688s] [01m[K/home/butthead/WS/robrep/hight/nuc/hight/src/publisher.cpp:16:86:[m[K [01;31m[Kerror: [m[Kinvalid use of member function ‘[01m[Kvoid MinimalPublisher::timer_callback()[m[K’ (did you forget the ‘[01m[K()[m[K’ ?)
[2.688s]    16 |             timer_ = this->create_wall_timer(500ms, std::bind(&[01;31m[KMinimalPublisher::timer_callback[m[K. this));
[2.688s]       |                                                                [01;31m[K~~~~~~~~~~~~~~~~~~^~~~~~~~~~~~~~[m[K
[2.688s]       |                                                                                                [32m[K()[m[K
[2.706s] [01m[K/home/butthead/WS/robrep/hight/nuc/hight/src/subscriber.cpp:9:40:[m[K [01;31m[Kerror: [m[K‘[01m[KString[m[K’ is not a member of ‘[01m[Kstd_msgs[m[K’; did you mean ‘[01m[Kstd_msgs::msg::String[m[K’?
[2.707s]     9 |         rclcpp::Subscription<std_msgs::[01;31m[KString[m[K>::SharedPtr subscription_;
[2.707s]       |                                        [01;31m[K^~~~~~[m[K
[2.707s] In file included from [01m[K/opt/ros/humble/include/std_msgs/std_msgs/msg/string.hpp:7[m[K,
[2.707s]                  from [01m[K/home/butthead/WS/robrep/hight/nuc/hight/src/subscriber.cpp:4[m[K:
[2.707s] [01m[K/opt/ros/humble/include/std_msgs/std_msgs/msg/detail/string__struct.hpp:122:7:[m[K [01;36m[Knote: [m[K‘[01m[Kstd_msgs::msg::String[m[K’ declared here
[2.707s]   122 | using [01;36m[KString[m[K =
[2.707s]       |       [01;36m[K^~~~~~[m[K
[2.707s] [01m[K/home/butthead/WS/robrep/hight/nuc/hight/src/subscriber.cpp:9:46:[m[K [01;31m[Kerror: [m[Ktemplate argument 1 is invalid
[2.708s]     9 |         rclcpp::Subscription<std_msgs::String[01;31m[K>[m[K::SharedPtr subscription_;
[2.708s]       |                                              [01;31m[K^[m[K
[2.708s] [01m[K/home/butthead/WS/robrep/hight/nuc/hight/src/subscriber.cpp:9:46:[m[K [01;31m[Kerror: [m[Ktemplate argument 3 is invalid
[2.708s] [01m[K/home/butthead/WS/robrep/hight/nuc/hight/src/subscriber.cpp:9:46:[m[K [01;31m[Kerror: [m[Ktemplate argument 4 is invalid
[2.708s] [01m[K/home/butthead/WS/robrep/hight/nuc/hight/src/subscriber.cpp:9:46:[m[K [01;31m[Kerror: [m[Ktemplate argument 5 is invalid
[2.708s] [01m[K/home/butthead/WS/robrep/hight/nuc/hight/src/subscriber.cpp:9:49:[m[K [01;31m[Kerror: [m[Kexpected ‘[01m[K;[m[K’ at end of member declaration
[2.709s]     9 |         rclcpp::Subscription<std_msgs::String>::[01;31m[KSharedPtr[m[K subscription_;
[2.709s]       |                                                 [01;31m[K^~~~~~~~~[m[K
[2.709s]       |                                                          [32m[K;[m[K
[2.709s] [01m[K/home/butthead/WS/robrep/hight/nuc/hight/src/subscriber.cpp:9:59:[m[K [01;31m[Kerror: [m[K‘[01m[Ksubscription_[m[K’ does not name a type; did you mean ‘[01m[Krmw_subscription_t[m[K’?
[2.709s]     9 |         rclcpp::Subscription<std_msgs::String>::SharedPtr [01;31m[Ksubscription_[m[K;
[2.709s]       |                                                           [01;31m[K^~~~~~~~~~~~~[m[K
[2.710s]       |                                                           [32m[Krmw_subscription_t[m[K
[2.710s] [01m[K/home/butthead/WS/robrep/hight/nuc/hight/src/subscriber.cpp:19:29:[m[K [01;31m[Kerror: [m[Kexpected ‘[01m[K,[m[K’ or ‘[01m[K...[m[K’ before ‘[01m[K*[m[K’ token
[2.710s]    19 | int main(int argc, char argv[01;31m[K*[m[K*)
[2.710s]       |                             [01;31m[K^[m[K
[2.710s] [01m[K/home/butthead/WS/robrep/hight/nuc/hight/src/subscriber.cpp:25:2:[m[K [01;31m[Kerror: [m[Kexpected ‘[01m[K}[m[K’ at end of input
[2.710s]    25 | }
[2.710s]       |  [01;31m[K^[m[K
[2.711s] [01m[K/home/butthead/WS/robrep/hight/nuc/hight/src/subscriber.cpp:7:1:[m[K [01;36m[Knote: [m[Kto match this ‘[01m[K{[m[K’
[2.711s]     7 | [01;36m[K{[m[K
[2.711s]       | [01;36m[K^[m[K
[2.721s] [01m[K/home/butthead/WS/robrep/hight/nuc/hight/src/subscriber.cpp:[m[K In constructor ‘[01m[KMinimalSubscriber::MinimalSubscriber()[m[K’:
[2.722s] [01m[K/home/butthead/WS/robrep/hight/nuc/hight/src/subscriber.cpp:17:17:[m[K [01;31m[Kerror: [m[K‘[01m[Ksubscription_[m[K’ was not declared in this scope; did you mean ‘[01m[Krmw_subscription_t[m[K’?
[2.722s]    17 |                 [01;31m[Ksubscription_[m[K = this->create_subscription<std_msgs::msg::String>("topic". 10, std::bind(&MinimalSubscriber::topic_callback, this, _1));
[2.722s]       |                 [01;31m[K^~~~~~~~~~~~~[m[K
[2.722s]       |                 [32m[Krmw_subscription_t[m[K
[2.722s] [01m[K/home/butthead/WS/robrep/hight/nuc/hight/src/subscriber.cpp:17:91:[m[K [01;31m[Kerror: [m[Kexpected unqualified-id before numeric constant
[2.722s]    17 |                 subscription_ = this->create_subscription<std_msgs::msg::String>("topic". [01;31m[K10[m[K, std::bind(&MinimalSubscriber::topic_callback, this, _1));
[2.722s]       |                                                                                           [01;31m[K^~[m[K
[2.727s] [01m[K/home/butthead/WS/robrep/hight/nuc/hight/src/subscriber.cpp:[m[K In member function ‘[01m[Kint MinimalSubscriber::main(int, char)[m[K’:
[2.728s] [01m[K/home/butthead/WS/robrep/hight/nuc/hight/src/subscriber.cpp:21:28:[m[K [01;31m[Kerror: [m[Kinvalid conversion from ‘[01m[Kchar[m[K’ to ‘[01m[Kconst char* const*[m[K’ [[01;31m[K]8;;https://gcc.gnu.org/onlinedocs/gcc/Warning-Options.html#index-fpermissive-fpermissive]8;;[m[K]
[2.728s]    21 |         rclcpp::init(argc, [01;31m[Kargv[m[K);
[2.728s]       |                            [01;31m[K^~~~[m[K
[2.728s]       |                            [01;31m[K|[m[K
[2.728s]       |                            [01;31m[Kchar[m[K
[2.728s] In file included from [01m[K/opt/ros/humble/include/rclcpp/rclcpp/logging.hpp:25[m[K,
[2.729s]                  from [01m[K/opt/ros/humble/include/rclcpp/rclcpp/client.hpp:40[m[K,
[2.729s]                  from [01m[K/opt/ros/humble/include/rclcpp/rclcpp/callback_group.hpp:23[m[K,
[2.729s]                  from [01m[K/opt/ros/humble/include/rclcpp/rclcpp/any_executable.hpp:20[m[K,
[2.729s]                  from [01m[K/opt/ros/humble/include/rclcpp/rclcpp/memory_strategy.hpp:25[m[K,
[2.729s]                  from [01m[K/opt/ros/humble/include/rclcpp/rclcpp/memory_strategies.hpp:18[m[K,
[2.729s]                  from [01m[K/opt/ros/humble/include/rclcpp/rclcpp/executor_options.hpp:20[m[K,
[2.729s]                  from [01m[K/opt/ros/humble/include/rclcpp/rclcpp/executor.hpp:37[m[K,
[2.730s]                  from [01m[K/opt/ros/humble/include/rclcpp/rclcpp/executors/multi_threaded_executor.hpp:25[m[K,
[2.730s]                  from [01m[K/opt/ros/humble/include/rclcpp/rclcpp/executors.hpp:21[m[K,
[2.730s]                  from [01m[K/opt/ros/humble/include/rclcpp/rclcpp/rclcpp.hpp:155[m[K,
[2.730s]                  from [01m[K/home/butthead/WS/robrep/hight/nuc/hight/src/subscriber.cpp:3[m[K:
[2.730s] [01m[K/opt/ros/humble/include/rclcpp/rclcpp/utilities.hpp:77:24:[m[K [01;36m[Knote: [m[K  initializing argument 2 of ‘[01m[Kvoid rclcpp::init(int, const char* const*, const rclcpp::InitOptions&, rclcpp::SignalHandlerOptions)[m[K’
[2.730s]    77 |   [01;36m[Kchar const * const * argv[m[K,
[2.730s]       |   [01;36m[K~~~~~~~~~~~~~~~~~~~~~^~~~[m[K
[2.733s] [01m[K/home/butthead/WS/robrep/hight/nuc/hight/src/subscriber.cpp:[m[K At global scope:
[2.733s] [01m[K/home/butthead/WS/robrep/hight/nuc/hight/src/subscriber.cpp:25:2:[m[K [01;31m[Kerror: [m[Kexpected unqualified-id at end of input
[2.733s]    25 | }
[2.733s]       |  [01;31m[K^[m[K
[3.231s] gmake[2]: *** [CMakeFiles/listener.dir/build.make:76: CMakeFiles/listener.dir/src/subscriber.cpp.o] Error 1
[3.231s] gmake[1]: *** [CMakeFiles/Makefile2:165: CMakeFiles/listener.dir/all] Error 2
[3.231s] gmake[1]: *** Waiting for unfinished jobs....
[3.288s] gmake[2]: *** [CMakeFiles/talker.dir/build.make:76: CMakeFiles/talker.dir/src/publisher.cpp.o] Error 1
[3.288s] gmake[1]: *** [CMakeFiles/Makefile2:139: CMakeFiles/talker.dir/all] Error 2
[3.288s] gmake: *** [Makefile:146: all] Error 2
[3.291s] Invoked command in '/home/butthead/WS/robrep/hight/nuc/hight/build/hight' returned '2': CMAKE_PREFIX_PATH=/opt/ros/humble /usr/bin/cmake --build /home/butthead/WS/robrep/hight/nuc/hight/build/hight -- -j4 -l4
