[35m[1mConsolidate compiler generated dependencies of target listener[0m
[35m[1mConsolidate compiler generated dependencies of target talker[0m
[ 75%] [32mBuilding CXX object CMakeFiles/talker.dir/src/publisher.cpp.o[0m
[ 75%] Built target listener
[100%] [32m[1mLinking CXX executable talker[0m
[100%] Built target talker
-- Install configuration: ""
-- Installing: /home/butthead/WS/robrep/hight/nuc/hight/install/hight/lib/hight/talker
-- Set runtime path of "/home/butthead/WS/robrep/hight/nuc/hight/install/hight/lib/hight/talker" to ""
-- Installing: /home/butthead/WS/robrep/hight/nuc/hight/install/hight/lib/hight/listener
-- Set runtime path of "/home/butthead/WS/robrep/hight/nuc/hight/install/hight/lib/hight/listener" to ""
-- Installing: /home/butthead/WS/robrep/hight/nuc/hight/install/hight/share/ament_index/resource_index/package_run_dependencies/hight
-- Installing: /home/butthead/WS/robrep/hight/nuc/hight/install/hight/share/ament_index/resource_index/parent_prefix_path/hight
-- Installing: /home/butthead/WS/robrep/hight/nuc/hight/install/hight/share/hight/environment/ament_prefix_path.sh
-- Installing: /home/butthead/WS/robrep/hight/nuc/hight/install/hight/share/hight/environment/ament_prefix_path.dsv
-- Installing: /home/butthead/WS/robrep/hight/nuc/hight/install/hight/share/hight/environment/path.sh
-- Installing: /home/butthead/WS/robrep/hight/nuc/hight/install/hight/share/hight/environment/path.dsv
-- Installing: /home/butthead/WS/robrep/hight/nuc/hight/install/hight/share/hight/local_setup.bash
-- Installing: /home/butthead/WS/robrep/hight/nuc/hight/install/hight/share/hight/local_setup.sh
-- Installing: /home/butthead/WS/robrep/hight/nuc/hight/install/hight/share/hight/local_setup.zsh
-- Installing: /home/butthead/WS/robrep/hight/nuc/hight/install/hight/share/hight/local_setup.dsv
-- Installing: /home/butthead/WS/robrep/hight/nuc/hight/install/hight/share/hight/package.dsv
-- Installing: /home/butthead/WS/robrep/hight/nuc/hight/install/hight/share/ament_index/resource_index/packages/hight
-- Installing: /home/butthead/WS/robrep/hight/nuc/hight/install/hight/share/hight/cmake/hightConfig.cmake
-- Installing: /home/butthead/WS/robrep/hight/nuc/hight/install/hight/share/hight/cmake/hightConfig-version.cmake
-- Installing: /home/butthead/WS/robrep/hight/nuc/hight/install/hight/share/hight/package.xml
