[0.024s] Invoking command in '/home/butthead/WS/robrep/hight/nuc/hight/build/hight': CMAKE_PREFIX_PATH=/opt/ros/humble /usr/bin/cmake --build /home/butthead/WS/robrep/hight/nuc/hight/build/hight -- -j4 -l4
[0.066s] [35m[1mConsolidate compiler generated dependencies of target listener[0m
[0.066s] [35m[1mConsolidate compiler generated dependencies of target talker[0m
[0.083s] [ 50%] [32mBuilding CXX object CMakeFiles/talker.dir/src/publisher.cpp.o[0m
[0.083s] [ 50%] [32mBuilding CXX object CMakeFiles/listener.dir/src/subscriber.cpp.o[0m
[2.684s] [01m[K/home/butthead/WS/robrep/hight/nuc/hight/src/publisher.cpp:[m[K In constructor ‘[01m[KMinimalPublisher::MinimalPublisher()[m[K’:
[2.684s] [01m[K/home/butthead/WS/robrep/hight/nuc/hight/src/publisher.cpp:16:50:[m[K [01;31m[Kerror: [m[Kunable to find numeric literal operator ‘[01m[Koperator""ms.[m[K’
[2.685s]    16 |                 timer_ = this->create_wall_timer([01;31m[K500ms.[m[K std::bind(&MinimalPublisher::timer_callback. this));
[2.685s]       |                                                  [01;31m[K^~~~~~[m[K
[2.727s] [01m[K/home/butthead/WS/robrep/hight/nuc/hight/src/subscriber.cpp:9:35:[m[K [01;31m[Kerror: [m[K‘[01m[Kmsg[m[K’ is not a member of ‘[01m[Kstd[m[K’
[2.727s]     9 |         rclcpp::Subscription<std::[01;31m[Kmsg[m[K::String>::SharedPtr subscription_;
[2.727s]       |                                   [01;31m[K^~~[m[K
[2.728s] [01m[K/home/butthead/WS/robrep/hight/nuc/hight/src/subscriber.cpp:9:35:[m[K [01;36m[Knote: [m[Ksuggested alternatives:
[2.728s] In file included from [01m[K/opt/ros/humble/include/builtin_interfaces/builtin_interfaces/msg/duration.hpp:7[m[K,
[2.728s]                  from [01m[K/opt/ros/humble/include/rclcpp/rclcpp/duration.hpp:20[m[K,
[2.728s]                  from [01m[K/opt/ros/humble/include/rclcpp/rclcpp/qos.hpp:20[m[K,
[2.728s]                  from [01m[K/opt/ros/humble/include/rclcpp/rclcpp/node_interfaces/node_graph_interface.hpp:32[m[K,
[2.728s]                  from [01m[K/opt/ros/humble/include/rclcpp/rclcpp/client.hpp:42[m[K,
[2.728s]                  from [01m[K/opt/ros/humble/include/rclcpp/rclcpp/callback_group.hpp:23[m[K,
[2.728s]                  from [01m[K/opt/ros/humble/include/rclcpp/rclcpp/any_executable.hpp:20[m[K,
[2.728s]                  from [01m[K/opt/ros/humble/include/rclcpp/rclcpp/memory_strategy.hpp:25[m[K,
[2.728s]                  from [01m[K/opt/ros/humble/include/rclcpp/rclcpp/memory_strategies.hpp:18[m[K,
[2.729s]                  from [01m[K/opt/ros/humble/include/rclcpp/rclcpp/executor_options.hpp:20[m[K,
[2.729s]                  from [01m[K/opt/ros/humble/include/rclcpp/rclcpp/executor.hpp:37[m[K,
[2.729s]                  from [01m[K/opt/ros/humble/include/rclcpp/rclcpp/executors/multi_threaded_executor.hpp:25[m[K,
[2.729s]                  from [01m[K/opt/ros/humble/include/rclcpp/rclcpp/executors.hpp:21[m[K,
[2.729s]                  from [01m[K/opt/ros/humble/include/rclcpp/rclcpp/rclcpp.hpp:155[m[K,
[2.729s]                  from [01m[K/home/butthead/WS/robrep/hight/nuc/hight/src/subscriber.cpp:3[m[K:
[2.729s] [01m[K/opt/ros/humble/include/builtin_interfaces/builtin_interfaces/msg/detail/duration__struct.hpp:27:11:[m[K [01;36m[Knote: [m[K  ‘[01m[Kbuiltin_interfaces::msg[m[K’
[2.729s]    27 | namespace [01;36m[Kmsg[m[K
[2.729s]       |           [01;36m[K^~~[m[K
[2.729s] In file included from [01m[K/opt/ros/humble/include/rcl_interfaces/rcl_interfaces/msg/set_parameters_result.hpp:7[m[K,
[2.729s]                  from [01m[K/opt/ros/humble/include/rclcpp/rclcpp/qos_overriding_options.hpp:28[m[K,
[2.730s]                  from [01m[K/opt/ros/humble/include/rclcpp/rclcpp/subscription_options.hpp:30[m[K,
[2.730s]                  from [01m[K/opt/ros/humble/include/rclcpp/rclcpp/subscription.hpp:45[m[K,
[2.730s]                  from [01m[K/opt/ros/humble/include/rclcpp/rclcpp/any_executable.hpp:25[m[K,
[2.730s]                  from [01m[K/opt/ros/humble/include/rclcpp/rclcpp/memory_strategy.hpp:25[m[K,
[2.730s]                  from [01m[K/opt/ros/humble/include/rclcpp/rclcpp/memory_strategies.hpp:18[m[K,
[2.730s]                  from [01m[K/opt/ros/humble/include/rclcpp/rclcpp/executor_options.hpp:20[m[K,
[2.730s]                  from [01m[K/opt/ros/humble/include/rclcpp/rclcpp/executor.hpp:37[m[K,
[2.730s]                  from [01m[K/opt/ros/humble/include/rclcpp/rclcpp/executors/multi_threaded_executor.hpp:25[m[K,
[2.730s]                  from [01m[K/opt/ros/humble/include/rclcpp/rclcpp/executors.hpp:21[m[K,
[2.730s]                  from [01m[K/opt/ros/humble/include/rclcpp/rclcpp/rclcpp.hpp:155[m[K,
[2.730s]                  from [01m[K/home/butthead/WS/robrep/hight/nuc/hight/src/subscriber.cpp:3[m[K:
[2.731s] [01m[K/opt/ros/humble/include/rcl_interfaces/rcl_interfaces/msg/detail/set_parameters_result__struct.hpp:27:11:[m[K [01;36m[Knote: [m[K  ‘[01m[Krcl_interfaces::msg[m[K’
[2.731s]    27 | namespace [01;36m[Kmsg[m[K
[2.731s]       |           [01;36m[K^~~[m[K
[2.731s] In file included from [01m[K/opt/ros/humble/include/statistics_msgs/statistics_msgs/msg/detail/metrics_message__struct.hpp:23[m[K,
[2.731s]                  from [01m[K/opt/ros/humble/include/statistics_msgs/statistics_msgs/msg/metrics_message.hpp:7[m[K,
[2.731s]                  from [01m[K/opt/ros/humble/include/libstatistics_collector/libstatistics_collector/collector/generate_statistics_message.hpp:21[m[K,
[2.731s]                  from [01m[K/opt/ros/humble/include/rclcpp/rclcpp/topic_statistics/subscription_topic_statistics.hpp:23[m[K,
[2.732s]                  from [01m[K/opt/ros/humble/include/rclcpp/rclcpp/subscription.hpp:50[m[K,
[2.732s]                  from [01m[K/opt/ros/humble/include/rclcpp/rclcpp/any_executable.hpp:25[m[K,
[2.732s]                  from [01m[K/opt/ros/humble/include/rclcpp/rclcpp/memory_strategy.hpp:25[m[K,
[2.732s]                  from [01m[K/opt/ros/humble/include/rclcpp/rclcpp/memory_strategies.hpp:18[m[K,
[2.732s]                  from [01m[K/opt/ros/humble/include/rclcpp/rclcpp/executor_options.hpp:20[m[K,
[2.732s]                  from [01m[K/opt/ros/humble/include/rclcpp/rclcpp/executor.hpp:37[m[K,
[2.732s]                  from [01m[K/opt/ros/humble/include/rclcpp/rclcpp/executors/multi_threaded_executor.hpp:25[m[K,
[2.733s]                  from [01m[K/opt/ros/humble/include/rclcpp/rclcpp/executors.hpp:21[m[K,
[2.733s]                  from [01m[K/opt/ros/humble/include/rclcpp/rclcpp/rclcpp.hpp:155[m[K,
[2.733s]                  from [01m[K/home/butthead/WS/robrep/hight/nuc/hight/src/subscriber.cpp:3[m[K:
[2.733s] [01m[K/opt/ros/humble/include/statistics_msgs/statistics_msgs/msg/detail/statistic_data_point__struct.hpp:27:11:[m[K [01;36m[Knote: [m[K  ‘[01m[Kstatistics_msgs::msg[m[K’
[2.733s]    27 | namespace [01;36m[Kmsg[m[K
[2.733s]       |           [01;36m[K^~~[m[K
[2.733s] In file included from [01m[K/opt/ros/humble/include/std_msgs/std_msgs/msg/string.hpp:7[m[K,
[2.734s]                  from [01m[K/home/butthead/WS/robrep/hight/nuc/hight/src/subscriber.cpp:4[m[K:
[2.734s] [01m[K/opt/ros/humble/include/std_msgs/std_msgs/msg/detail/string__struct.hpp:27:11:[m[K [01;36m[Knote: [m[K  ‘[01m[Kstd_msgs::msg[m[K’
[2.734s]    27 | namespace [01;36m[Kmsg[m[K
[2.734s]       |           [01;36m[K^~~[m[K
[2.734s] [01m[K/home/butthead/WS/robrep/hight/nuc/hight/src/subscriber.cpp:9:46:[m[K [01;31m[Kerror: [m[Ktemplate argument 1 is invalid
[2.734s]     9 |         rclcpp::Subscription<std::msg::String[01;31m[K>[m[K::SharedPtr subscription_;
[2.734s]       |                                              [01;31m[K^[m[K
[2.735s] [01m[K/home/butthead/WS/robrep/hight/nuc/hight/src/subscriber.cpp:9:46:[m[K [01;31m[Kerror: [m[Ktemplate argument 3 is invalid
[2.735s] [01m[K/home/butthead/WS/robrep/hight/nuc/hight/src/subscriber.cpp:9:46:[m[K [01;31m[Kerror: [m[Ktemplate argument 4 is invalid
[2.735s] [01m[K/home/butthead/WS/robrep/hight/nuc/hight/src/subscriber.cpp:9:46:[m[K [01;31m[Kerror: [m[Ktemplate argument 5 is invalid
[2.735s] [01m[K/home/butthead/WS/robrep/hight/nuc/hight/src/subscriber.cpp:9:49:[m[K [01;31m[Kerror: [m[Kexpected ‘[01m[K;[m[K’ at end of member declaration
[2.735s]     9 |         rclcpp::Subscription<std::msg::String>::[01;31m[KSharedPtr[m[K subscription_;
[2.735s]       |                                                 [01;31m[K^~~~~~~~~[m[K
[2.735s]       |                                                          [32m[K;[m[K
[2.735s] [01m[K/home/butthead/WS/robrep/hight/nuc/hight/src/subscriber.cpp:9:59:[m[K [01;31m[Kerror: [m[K‘[01m[Ksubscription_[m[K’ does not name a type; did you mean ‘[01m[Krmw_subscription_t[m[K’?
[2.736s]     9 |         rclcpp::Subscription<std::msg::String>::SharedPtr [01;31m[Ksubscription_[m[K;
[2.736s]       |                                                           [01;31m[K^~~~~~~~~~~~~[m[K
[2.736s]       |                                                           [32m[Krmw_subscription_t[m[K
[2.736s] [01m[K/home/butthead/WS/robrep/hight/nuc/hight/src/subscriber.cpp:19:29:[m[K [01;31m[Kerror: [m[Kexpected ‘[01m[K,[m[K’ or ‘[01m[K...[m[K’ before ‘[01m[K*[m[K’ token
[2.736s]    19 | int main(int argc, char argv[01;31m[K*[m[K*)
[2.736s]       |                             [01;31m[K^[m[K
[2.736s] [01m[K/home/butthead/WS/robrep/hight/nuc/hight/src/subscriber.cpp:25:2:[m[K [01;31m[Kerror: [m[Kexpected ‘[01m[K}[m[K’ at end of input
[2.738s]    25 | }
[2.738s]       |  [01;31m[K^[m[K
[2.738s] [01m[K/home/butthead/WS/robrep/hight/nuc/hight/src/subscriber.cpp:7:1:[m[K [01;36m[Knote: [m[Kto match this ‘[01m[K{[m[K’
[2.738s]     7 | [01;36m[K{[m[K
[2.738s]       | [01;36m[K^[m[K
[2.747s] [01m[K/home/butthead/WS/robrep/hight/nuc/hight/src/subscriber.cpp:[m[K In constructor ‘[01m[KMinimalSubscriber::MinimalSubscriber()[m[K’:
[2.747s] [01m[K/home/butthead/WS/robrep/hight/nuc/hight/src/subscriber.cpp:17:17:[m[K [01;31m[Kerror: [m[K‘[01m[Ksubscription_[m[K’ was not declared in this scope; did you mean ‘[01m[Krmw_subscription_t[m[K’?
[2.747s]    17 |                 [01;31m[Ksubscription_[m[K = this->create_subscription<std_msgs::msg::String>("topic". 10, std::bind(&MinimalSubscriber::topic_callback, this, _1));
[2.747s]       |                 [01;31m[K^~~~~~~~~~~~~[m[K
[2.747s]       |                 [32m[Krmw_subscription_t[m[K
[2.747s] [01m[K/home/butthead/WS/robrep/hight/nuc/hight/src/subscriber.cpp:17:91:[m[K [01;31m[Kerror: [m[Kexpected unqualified-id before numeric constant
[2.748s]    17 |                 subscription_ = this->create_subscription<std_msgs::msg::String>("topic". [01;31m[K10[m[K, std::bind(&MinimalSubscriber::topic_callback, this, _1));
[2.748s]       |                                                                                           [01;31m[K^~[m[K
[2.752s] [01m[K/home/butthead/WS/robrep/hight/nuc/hight/src/subscriber.cpp:[m[K In member function ‘[01m[Kint MinimalSubscriber::main(int, char)[m[K’:
[2.753s] [01m[K/home/butthead/WS/robrep/hight/nuc/hight/src/subscriber.cpp:21:28:[m[K [01;31m[Kerror: [m[Kinvalid conversion from ‘[01m[Kchar[m[K’ to ‘[01m[Kconst char* const*[m[K’ [[01;31m[K]8;;https://gcc.gnu.org/onlinedocs/gcc/Warning-Options.html#index-fpermissive-fpermissive]8;;[m[K]
[2.753s]    21 |         rclcpp::init(argc, [01;31m[Kargv[m[K);
[2.753s]       |                            [01;31m[K^~~~[m[K
[2.753s]       |                            [01;31m[K|[m[K
[2.753s]       |                            [01;31m[Kchar[m[K
[2.753s] In file included from [01m[K/opt/ros/humble/include/rclcpp/rclcpp/logging.hpp:25[m[K,
[2.753s]                  from [01m[K/opt/ros/humble/include/rclcpp/rclcpp/client.hpp:40[m[K,
[2.754s]                  from [01m[K/opt/ros/humble/include/rclcpp/rclcpp/callback_group.hpp:23[m[K,
[2.754s]                  from [01m[K/opt/ros/humble/include/rclcpp/rclcpp/any_executable.hpp:20[m[K,
[2.754s]                  from [01m[K/opt/ros/humble/include/rclcpp/rclcpp/memory_strategy.hpp:25[m[K,
[2.754s]                  from [01m[K/opt/ros/humble/include/rclcpp/rclcpp/memory_strategies.hpp:18[m[K,
[2.754s]                  from [01m[K/opt/ros/humble/include/rclcpp/rclcpp/executor_options.hpp:20[m[K,
[2.754s]                  from [01m[K/opt/ros/humble/include/rclcpp/rclcpp/executor.hpp:37[m[K,
[2.755s]                  from [01m[K/opt/ros/humble/include/rclcpp/rclcpp/executors/multi_threaded_executor.hpp:25[m[K,
[2.755s]                  from [01m[K/opt/ros/humble/include/rclcpp/rclcpp/executors.hpp:21[m[K,
[2.755s]                  from [01m[K/opt/ros/humble/include/rclcpp/rclcpp/rclcpp.hpp:155[m[K,
[2.755s]                  from [01m[K/home/butthead/WS/robrep/hight/nuc/hight/src/subscriber.cpp:3[m[K:
[2.755s] [01m[K/opt/ros/humble/include/rclcpp/rclcpp/utilities.hpp:77:24:[m[K [01;36m[Knote: [m[K  initializing argument 2 of ‘[01m[Kvoid rclcpp::init(int, const char* const*, const rclcpp::InitOptions&, rclcpp::SignalHandlerOptions)[m[K’
[2.755s]    77 |   [01;36m[Kchar const * const * argv[m[K,
[2.755s]       |   [01;36m[K~~~~~~~~~~~~~~~~~~~~~^~~~[m[K
[2.755s] [01m[K/home/butthead/WS/robrep/hight/nuc/hight/src/subscriber.cpp:22:27:[m[K [01;31m[Kerror: [m[K‘[01m[Kmake_shred[m[K’ is not a member of ‘[01m[Kstd[m[K’; did you mean ‘[01m[Kmake_shared[m[K’?
[2.755s]    22 |         rclcpp::spin(std::[01;31m[Kmake_shred[m[K<MinimalSubscriber>());
[2.756s]       |                           [01;31m[K^~~~~~~~~~[m[K
[2.756s]       |                           [32m[Kmake_shared[m[K
[2.756s] [01m[K/home/butthead/WS/robrep/hight/nuc/hight/src/subscriber.cpp:22:55:[m[K [01;31m[Kerror: [m[Kexpected primary-expression before ‘[01m[K>[m[K’ token
[2.756s]    22 |         rclcpp::spin(std::make_shred<MinimalSubscriber[01;31m[K>[m[K());
[2.756s]       |                                                       [01;31m[K^[m[K
[2.756s] [01m[K/home/butthead/WS/robrep/hight/nuc/hight/src/subscriber.cpp:22:57:[m[K [01;31m[Kerror: [m[Kexpected primary-expression before ‘[01m[K)[m[K’ token
[2.756s]    22 |         rclcpp::spin(std::make_shred<MinimalSubscriber>([01;31m[K)[m[K);
[2.756s]       |                                                         [01;31m[K^[m[K
[2.757s] [01m[K/home/butthead/WS/robrep/hight/nuc/hight/src/subscriber.cpp:[m[K At global scope:
[2.757s] [01m[K/home/butthead/WS/robrep/hight/nuc/hight/src/subscriber.cpp:25:2:[m[K [01;31m[Kerror: [m[Kexpected unqualified-id at end of input
[2.757s]    25 | }
[2.757s]       |  [01;31m[K^[m[K
[3.263s] gmake[2]: *** [CMakeFiles/listener.dir/build.make:76: CMakeFiles/listener.dir/src/subscriber.cpp.o] Error 1
[3.263s] gmake[1]: *** [CMakeFiles/Makefile2:165: CMakeFiles/listener.dir/all] Error 2
[3.263s] gmake[1]: *** Waiting for unfinished jobs....
[3.564s] gmake[2]: *** [CMakeFiles/talker.dir/build.make:76: CMakeFiles/talker.dir/src/publisher.cpp.o] Error 1
[3.564s] gmake[1]: *** [CMakeFiles/Makefile2:139: CMakeFiles/talker.dir/all] Error 2
[3.565s] gmake: *** [Makefile:146: all] Error 2
[3.568s] Invoked command in '/home/butthead/WS/robrep/hight/nuc/hight/build/hight' returned '2': CMAKE_PREFIX_PATH=/opt/ros/humble /usr/bin/cmake --build /home/butthead/WS/robrep/hight/nuc/hight/build/hight -- -j4 -l4
